2024-10-22 10:10:58,505 - INFO - Starting configuration setup
2024-10-22 10:10:58,505 - INFO - Environment variables loaded successfully
2024-10-22 10:10:58,506 - INFO - Twitter API client initialized successfully
2024-10-22 10:11:00,350 - INFO - Initializing summarization model: facebook/bart-large-cnn
2024-10-22 10:11:11,545 - INFO - Summarization model initialized successfully
2024-10-22 10:11:11,545 - INFO - Starting tweet scheduling
2024-10-22 10:11:11,545 - INFO - Tweeting process started at 2024-10-22 10:11:11.545679!
2024-10-22 10:11:11,545 - INFO - Loaded posted URLs from /home/runner/work/TechInsightX/TechInsightX/src/../etc/ops/posted_links_2024Oct22.csv
2024-10-22 10:11:11,545 - INFO - Fetching latest tech news from RSS feeds
2024-10-22 10:11:31,410 - INFO - Total entries found: 614
2024-10-22 10:11:31,413 - INFO - Recent AI-related entries found: 28
2024-10-22 10:11:31,413 - INFO - Input content - content='A British-accented virtual assistant for your front door.'
2024-10-22 10:11:31,413 - INFO - clean content - clean_content='A British-accented virtual assistant for your front door.'
2024-10-22 10:11:31,414 - INFO - Generating summary with BART model
2024-10-22 10:11:36,573 - INFO - Generating summary with BART model
2024-10-22 10:11:41,094 - INFO - full_tweet='A British-accented virtual assistant for your front door. A virtual assistant with a British accent to..[read more👇🏼] #app #assistant https://www.techradar.com/home/smart-home/this-ai-video-doorbell-gives-dynamic-voice-responses-depending-on-whos-calling-and-it-can-be-as-aggressive-as-you-like'
2024-10-22 10:11:41,381 - INFO - Tweet posted successfully: Response(data={'text': 'A British-accented virtual assistant for your front door. A virtual assistant with a British accent to..[read more👇🏼] #app #assistant https://t.co/DNrBqD8XXT', 'id': '1848668540121059451', 'edit_history_tweet_ids': ['1848668540121059451']}, includes={}, errors=[], meta={})
2024-10-22 10:11:41,381 - INFO - Saved posted URL: https://www.techradar.com/home/smart-home/this-ai-video-doorbell-gives-dynamic-voice-responses-depending-on-whos-calling-and-it-can-be-as-aggressive-as-you-like at 2024-10-22 10:11:41
2024-10-22 10:11:41,381 - INFO - Tweet link saved successfully.
2024-10-22 10:11:41,381 - INFO - Sleeping for 7 minutes and 4 seconds.
2024-10-22 10:18:45,381 - INFO - Input content - content='Commentary: The trailer for La Baye Aréa, a spoof French film, shows how much generative AI video tools have improved this past year.'
2024-10-22 10:18:45,381 - INFO - clean content - clean_content='Commentary: The trailer for La Baye Aréa, a spoof French film, shows how much generative AI video tools have improved this past year.'
2024-10-22 10:18:45,382 - INFO - Generating summary with BART model
2024-10-22 10:18:50,456 - INFO - Generating summary with BART model
2024-10-22 10:18:55,441 - INFO - full_tweet='The trailer for La Baye Aréa, a spoof French film, shows how much generative AI video tools have improved..[read more👇🏼] #AI #generative https://www.cnet.com/tech/services-and-software/kamala-harris-donald-trump-ai-parody-midjourney-runway-udio/#ftag=CAD590a51e'
2024-10-22 10:35:05,576 - ERROR - Failed to post tweet: ('Connection aborted.', RemoteDisconnected('Remote end closed connection without response'))
