2024-10-13 12:15:20,717 - INFO - Starting configuration setup
2024-10-13 12:15:20,718 - INFO - Environment variables loaded successfully
2024-10-13 12:15:20,718 - INFO - Twitter API client initialized successfully
2024-10-13 12:15:22,601 - INFO - Initializing summarization model: facebook/bart-large-cnn
2024-10-13 12:15:31,238 - INFO - Summarization model initialized successfully
2024-10-13 12:15:31,239 - INFO - Starting tweet scheduling
2024-10-13 12:15:31,239 - INFO - Tweeting process started at 2024-10-13 12:15:31.239192!
2024-10-13 12:15:31,239 - INFO - Loaded posted URLs from /home/runner/work/TechInsightX/TechInsightX/src/../etc/ops/posted_links_2024Oct13.csv
2024-10-13 12:15:31,239 - INFO - Fetching latest tech news from RSS feeds
2024-10-13 12:16:07,756 - INFO - Total entries found: 616
2024-10-13 12:16:07,758 - INFO - Recent AI-related entries found: 6
2024-10-13 12:16:07,759 - INFO - Input content - content='Back in 2021, Morgan Neville thought using AI to recreate the late Anthony Bourdain’s voice would be an interesting Easter egg in his documentary. He ended up being a canary in Hollywood’s AI coal mine.'
2024-10-13 12:16:07,759 - INFO - clean content - clean_content='Back in 2021, Morgan Neville thought using AI to recreate the late Anthony Bourdain’s voice would be an interesting Easter egg in his documentary. He ended up being a canary in Hollywood’s AI coal mine.'
2024-10-13 12:16:07,759 - INFO - Generating summary with BART model
2024-10-13 12:16:13,722 - INFO - Generating summary with BART model
2024-10-13 12:16:18,980 - INFO - full_tweet="Morgan Neville thought using AI to recreate the late Anthony Bourdain's voice would be an interesting..[read more👇🏼] #AI #s https://www.wired.com/story/piece-by-piece-director-morgan-neville-will-never-use-ai-again/"
2024-10-13 12:16:19,249 - INFO - Tweet posted successfully: Response(data={'edit_history_tweet_ids': ['1845438413849387071'], 'id': '1845438413849387071', 'text': "Morgan Neville thought using AI to recreate the late Anthony Bourdain's voice would be an interesting..[read more👇🏼] #AI #s https://t.co/QQ3qtTuxSa"}, includes={}, errors=[], meta={})
2024-10-13 12:16:19,249 - INFO - Saved posted URL: https://www.wired.com/story/piece-by-piece-director-morgan-neville-will-never-use-ai-again/ at 2024-10-13 12:16:19
2024-10-13 12:16:19,249 - INFO - Tweet link saved successfully.
2024-10-13 12:16:19,249 - INFO - Sleeping for 6 minutes and 44 seconds.
2024-10-13 12:23:03,249 - INFO - This link is already posted: https://venturebeat.com/ai/the-strawberrry-problem-how-to-overcome-ais-limitations/
2024-10-13 12:23:03,250 - INFO - This link is already posted: https://techcrunch.com/2024/10/12/where-we-are-today-in-biology-ai-is-similar-to-gpt-in-2020-an-interview-with-the-ceo-of-africas-biggest-ai-startup/
2024-10-13 12:23:03,250 - INFO - This link is already posted: https://www.theverge.com/2024/10/12/24268441/meta-ai-generated-northern-lights-images-threads-users-upset
2024-10-13 12:23:03,250 - INFO - This link is already posted: https://www.wired.com/story/how-to-stop-your-data-from-being-used-to-train-ai/
2024-10-13 12:23:03,250 - INFO - This link is already posted: https://www.techradar.com/pro/huawei-rolls-out-its-next-gen-oceanstor-dorado-all-flash-storage-targeting-ai-mission-critical-workloads
