2024-09-30 17:11:16,466 - INFO - Starting configuration setup
2024-09-30 17:11:16,466 - INFO - Environment variables loaded successfully
2024-09-30 17:11:16,466 - INFO - Twitter API client initialized successfully
2024-09-30 17:11:18,330 - INFO - Initializing summarization model: facebook/bart-large-cnn
2024-09-30 17:11:24,760 - INFO - Summarization model initialized successfully
2024-09-30 17:11:24,760 - INFO - Starting tweet scheduling
2024-09-30 17:11:24,760 - INFO - Tweeting process started at 2024-09-30 17:11:24.760515!
2024-09-30 17:11:24,760 - INFO - Loaded posted URLs from /home/runner/work/TechInsightX/TechInsightX/src/../etc/ops/posted_links_2024Sep30.csv
2024-09-30 17:11:24,760 - INFO - Fetching latest tech news from RSS feeds
2024-09-30 17:11:38,678 - INFO - Total entries found: 617
2024-09-30 17:11:38,681 - INFO - Recent AI-related entries found: 18
2024-09-30 17:11:38,681 - INFO - Input content - content='<p>It’s been quite the year for game industry exec Pany Haritatos.\xa0<br />\nLast month, he quietly closed an oversubscribed $28 million from Netflix, Dell a16z, and others.</p>\n<p>© 2024 TechCrunch. All rights reserved. For personal use only.</p>'
2024-09-30 17:11:38,682 - INFO - clean content - clean_content='It’s been quite the year for game industry exec Pany Haritatos. Last month, he quietly closed an oversubscribed $28 million from Netflix, Dell a16z, and others. © 2024 TechCrunch. All rights reserved. For personal use only.'
2024-09-30 17:11:38,682 - INFO - Generating summary with BART model
2024-09-30 17:11:44,973 - INFO - Generating summary with BART model
2024-09-30 17:11:50,751 - INFO - full_tweet='Last month, Pany Haritatos closed an oversubscribed $28 million from Netflix, Dell a16z, and others. It’s..[read more👇🏼] #oversubscribed #Panyharitatos https://techcrunch.com/2024/09/30/series-the-genai-startup-reinventing-game-development-has-quietly-raised-28m-from-netflix-dell-a16z-others/'
2024-09-30 17:11:51,033 - INFO - Tweet posted successfully: Response(data={'edit_history_tweet_ids': ['1840801744021786656'], 'text': 'Last month, Pany Haritatos closed an oversubscribed $28 million from Netflix, Dell a16z, and others. It’s..[read more👇🏼] #oversubscribed #Panyharitatos https://t.co/bpSwt8IFcU', 'id': '1840801744021786656'}, includes={}, errors=[], meta={})
2024-09-30 17:11:51,033 - INFO - Sleeping for 1 minutes and 53 seconds.
2024-09-30 17:13:44,033 - INFO - Saved posted URL: https://techcrunch.com/2024/09/30/series-the-genai-startup-reinventing-game-development-has-quietly-raised-28m-from-netflix-dell-a16z-others/ at 2024-09-30 17:13:44
2024-09-30 17:13:44,034 - INFO - Input content - content="Gavin Newsom says the bill gives the public 'a false sense of security' by targeting Big Tech, which lobbied against the bill, and ignores the threats presented by smaller companies."
2024-09-30 17:13:44,034 - INFO - clean content - clean_content="Gavin Newsom says the bill gives the public 'a false sense of security' by targeting Big Tech, which lobbied against the bill, and ignores the threats presented by smaller companies."
2024-09-30 17:13:44,034 - INFO - Generating summary with BART model
2024-09-30 17:13:49,189 - INFO - Generating summary with BART model
2024-09-30 17:13:54,354 - INFO - full_tweet="Gavin Newsom says the bill gives the public 'a false sense of security' by targeting Big Tech, which..[read more👇🏼] #Tech #Newsom https://www.pcmag.com/news/california-governor-vetoes-ai-safety-bill-for-only-targeting-large-models"
2024-09-30 17:13:54,582 - INFO - Tweet posted successfully: Response(data={'id': '1840802262186082550', 'text': "Gavin Newsom says the bill gives the public 'a false sense of security' by targeting Big Tech, which..[read more👇🏼] #Tech #Newsom https://t.co/9RDEaLwmaI", 'edit_history_tweet_ids': ['1840802262186082550']}, includes={}, errors=[], meta={})
2024-09-30 17:13:54,582 - INFO - Sleeping for 2 minutes and 18 seconds.
2024-09-30 17:16:12,583 - INFO - Saved posted URL: https://www.pcmag.com/news/california-governor-vetoes-ai-safety-bill-for-only-targeting-large-models at 2024-09-30 17:16:12
2024-09-30 17:16:12,583 - INFO - Input content - content='While big platforms like Reddit have signed deals with the AI giants, YouTube leaves licensing in the hands of individual creators. The “License to Scrape” program aims to give those streaming stars proper leverage.'
2024-09-30 17:16:12,583 - INFO - clean content - clean_content='While big platforms like Reddit have signed deals with the AI giants, YouTube leaves licensing in the hands of individual creators. The “License to Scrape” program aims to give those streaming stars proper leverage.'
2024-09-30 17:16:12,583 - INFO - Generating summary with BART model
2024-09-30 17:16:16,475 - INFO - Generating summary with BART model
2024-09-30 17:16:20,370 - INFO - full_tweet='YouTube is giving streaming stars more control over their content. The “License to Scrape’ program aims..[read more👇🏼] #streaming #stars https://www.wired.com/story/license-to-scrape-youtube-ai-data-license-creators/'
2024-09-30 17:16:20,572 - INFO - Tweet posted successfully: Response(data={'id': '1840802874600632768', 'edit_history_tweet_ids': ['1840802874600632768'], 'text': 'YouTube is giving streaming stars more control over their content. The “License to Scrape’ program aims..[read more👇🏼] #streaming #stars https://t.co/QQ1QYvDMyo'}, includes={}, errors=[], meta={})
2024-09-30 17:16:20,572 - INFO - Sleeping for 4 minutes and 47 seconds.
2024-09-30 17:21:07,573 - INFO - Saved posted URL: https://www.wired.com/story/license-to-scrape-youtube-ai-data-license-creators/ at 2024-09-30 17:21:07
2024-09-30 17:21:07,573 - INFO - This link is already posted: https://techcrunch.com/2024/09/30/ai-reading-coach-startup-ello-launches-custom-story-creation-feature-for-kids/
2024-09-30 17:21:07,573 - INFO - This link is already posted: https://towardsdatascience.com/causal-ai-at-kdd-2024-why-companies-that-wont-jump-on-the-causal-train-now-will-have-a-harder-bdd0671543cf?source=rss----7f60cf5620c9---4
2024-09-30 17:21:07,573 - INFO - This link is already posted: https://techcrunch.com/2024/09/30/microsoft-to-face-higher-competition-scrutiny-in-germany-including-over-its-use-of-ai/
2024-09-30 17:21:07,573 - INFO - This link is already posted: https://www.techradar.com/pro/what-the-coalition-for-secure-ai-means-for-the-ai-industry
2024-09-30 17:21:07,573 - INFO - This link is already posted: https://www.techradar.com/pro/creating-the-future-of-work-through-the-power-of-people-and-ai
2024-09-30 17:21:07,573 - INFO - This link is already posted: https://techcrunch.com/2024/09/30/augmented-intelligence-claims-its-symbolic-ai-can-make-chatbots-more-useful/
2024-09-30 17:21:07,573 - INFO - This link is already posted: https://www.cnet.com/tech/services-and-software/job-hunting-with-ai-7-techniques-we-tried-and-how-to-use-them/#ftag=CAD590a51e
2024-09-30 17:21:07,573 - INFO - This link is already posted: https://www.techradar.com/pro/china-wants-to-be-the-global-ai-leader-in-personal-computing-but-businesses-is-where-they-want-to-go-large
2024-09-30 17:21:07,573 - INFO - This link is already posted: https://www.reddit.com/r/MachineLearning/comments/1fsv7js/discussion_what_are_some_the_informative_blogs_on/
2024-09-30 17:21:07,573 - INFO - This link is already posted: https://news.mit.edu/2024/ai-pareidolia-can-machines-spot-faces-in-inanimate-objects-0930
2024-09-30 17:21:07,573 - INFO - This link is already posted: https://venturebeat.com/business/artisan-raises-11-5m-to-deploy-ai-employees-for-sales-teams/
2024-09-30 17:21:07,573 - INFO - This link is already posted: https://towardsdatascience.com/the-ai-developers-dilemma-proprietary-ai-vs-open-source-ecosystem-453ac735b760?source=rss----7f60cf5620c9---4
2024-09-30 17:21:07,574 - INFO - This link is already posted: https://www.reddit.com/r/MachineLearning/comments/1fstn9m/p_i_tried_to_map_the_most_recurrent_and_popular/
2024-09-30 17:21:07,574 - INFO - This link is already posted: https://www.reddit.com/r/MachineLearning/comments/1fsnzl5/r_looking_for_endorsement_in_arxiv_csai/
2024-09-30 17:21:07,574 - INFO - This link is already posted: https://venturebeat.com/ai/onboarding-the-ai-workforce-how-digital-agents-will-redefine-work-itself/
