2024-09-30 20:13:23,817 - INFO - Starting configuration setup
2024-09-30 20:13:23,817 - INFO - Environment variables loaded successfully
2024-09-30 20:13:23,817 - INFO - Twitter API client initialized successfully
2024-09-30 20:13:25,747 - INFO - Initializing summarization model: facebook/bart-large-cnn
2024-09-30 20:13:32,826 - INFO - Summarization model initialized successfully
2024-09-30 20:13:32,826 - INFO - Starting tweet scheduling
2024-09-30 20:13:32,826 - INFO - Tweeting process started at 2024-09-30 20:13:32.826467!
2024-09-30 20:13:32,826 - INFO - Loaded posted URLs from /home/runner/work/TechInsightX/TechInsightX/src/../etc/ops/posted_links_2024Sep30.csv
2024-09-30 20:13:32,826 - INFO - Fetching latest tech news from RSS feeds
2024-09-30 20:13:47,384 - INFO - Total entries found: 617
2024-09-30 20:13:47,387 - INFO - Recent AI-related entries found: 19
2024-09-30 20:13:47,387 - INFO - This link is already posted: https://www.reddit.com/r/MachineLearning/comments/1ft2v10/project_a_lossless_compression_library_taliored/
2024-09-30 20:13:47,387 - INFO - This link is already posted: https://venturebeat.com/ai/this-open-source-ai-tool-was-built-in-a-day-and-its-coming-for-googles-notebooklm/
2024-09-30 20:13:47,387 - INFO - This link is already posted: https://www.techradar.com/pro/microsoft-embraces-nuclear-power-for-its-energy-hungry-data-centers-as-it-bets-on-infamous-three-mile-island-power-station-for-its-ai-ambitions
2024-09-30 20:13:47,387 - INFO - This link is already posted: https://venturebeat.com/ai/google-notebooklm-leader-says-more-controls-coming-for-ai-generated-podcasts/
2024-09-30 20:13:47,387 - INFO - This link is already posted: https://techcrunch.com/2024/09/30/series-the-genai-startup-reinventing-game-development-has-quietly-raised-28m-from-netflix-dell-a16z-others/
2024-09-30 20:13:47,387 - INFO - This link is already posted: https://www.pcmag.com/news/california-governor-vetoes-ai-safety-bill-for-only-targeting-large-models
2024-09-30 20:13:47,387 - INFO - This link is already posted: https://www.wired.com/story/license-to-scrape-youtube-ai-data-license-creators/
2024-09-30 20:13:47,387 - INFO - This link is already posted: https://techcrunch.com/2024/09/30/ai-reading-coach-startup-ello-launches-custom-story-creation-feature-for-kids/
2024-09-30 20:13:47,387 - INFO - This link is already posted: https://towardsdatascience.com/causal-ai-at-kdd-2024-why-companies-that-wont-jump-on-the-causal-train-now-will-have-a-harder-bdd0671543cf?source=rss----7f60cf5620c9---4
2024-09-30 20:13:47,387 - INFO - This link is already posted: https://techcrunch.com/2024/09/30/microsoft-to-face-higher-competition-scrutiny-in-germany-including-over-its-use-of-ai/
2024-09-30 20:13:47,387 - INFO - This link is already posted: https://www.techradar.com/pro/what-the-coalition-for-secure-ai-means-for-the-ai-industry
2024-09-30 20:13:47,387 - INFO - This link is already posted: https://www.techradar.com/pro/creating-the-future-of-work-through-the-power-of-people-and-ai
2024-09-30 20:13:47,387 - INFO - This link is already posted: https://techcrunch.com/2024/09/30/augmented-intelligence-claims-its-symbolic-ai-can-make-chatbots-more-useful/
2024-09-30 20:13:47,387 - INFO - This link is already posted: https://www.reddit.com/r/MachineLearning/comments/1fsv7js/discussion_what_are_some_the_informative_blogs_on/
2024-09-30 20:13:47,388 - INFO - This link is already posted: https://news.mit.edu/2024/ai-pareidolia-can-machines-spot-faces-in-inanimate-objects-0930
2024-09-30 20:13:47,388 - INFO - This link is already posted: https://venturebeat.com/business/artisan-raises-11-5m-to-deploy-ai-employees-for-sales-teams/
2024-09-30 20:13:47,388 - INFO - This link is already posted: https://towardsdatascience.com/the-ai-developers-dilemma-proprietary-ai-vs-open-source-ecosystem-453ac735b760?source=rss----7f60cf5620c9---4
2024-09-30 20:13:47,388 - INFO - This link is already posted: https://www.reddit.com/r/MachineLearning/comments/1fstn9m/p_i_tried_to_map_the_most_recurrent_and_popular/
2024-09-30 20:13:47,388 - INFO - This link is already posted: https://www.reddit.com/r/MachineLearning/comments/1fsnzl5/r_looking_for_endorsement_in_arxiv_csai/
