2024-09-30 21:11:51,113 - INFO - Starting configuration setup
2024-09-30 21:11:51,113 - INFO - Environment variables loaded successfully
2024-09-30 21:11:51,113 - INFO - Twitter API client initialized successfully
2024-09-30 21:11:53,023 - INFO - Initializing summarization model: facebook/bart-large-cnn
2024-09-30 21:12:01,464 - INFO - Summarization model initialized successfully
2024-09-30 21:12:01,464 - INFO - Starting tweet scheduling
2024-09-30 21:12:01,464 - INFO - Tweeting process started at 2024-09-30 21:12:01.464603!
2024-09-30 21:12:01,464 - INFO - Loaded posted URLs from /home/runner/work/TechInsightX/TechInsightX/src/../etc/ops/posted_links_2024Sep30.csv
2024-09-30 21:12:01,464 - INFO - Fetching latest tech news from RSS feeds
2024-09-30 21:12:17,998 - INFO - Total entries found: 587
2024-09-30 21:12:18,001 - INFO - Recent AI-related entries found: 14
2024-09-30 21:12:18,001 - INFO - Input content - content="The Raspberry Pi AI Kit is only compatible with the Raspberry Pi 5 but the new AI Camera with a Sony IMX500 image sensor works with all of the company's devices."
2024-09-30 21:12:18,002 - INFO - clean content - clean_content="The Raspberry Pi AI Kit is only compatible with the Raspberry Pi 5 but the new AI Camera with a Sony IMX500 image sensor works with all of the company's devices."
2024-09-30 21:12:18,002 - INFO - Generating summary with BART model
2024-09-30 21:12:23,190 - INFO - Generating summary with BART model
2024-09-30 21:12:27,749 - INFO - full_tweet='The Raspberry Pi AI Kit is only compatible with the Raspberry Pi 5. The new AI Camera with a Sony IMX500..[read more👇🏼] #AI #with https://www.pcmag.com/news/70-ai-camera-from-raspberry-pi-sony-works-with-all-pi-models'
2024-09-30 21:12:27,994 - INFO - Tweet posted successfully: Response(data={'text': 'The Raspberry Pi AI Kit is only compatible with the Raspberry Pi 5. The new AI Camera with a Sony IMX500..[read more👇🏼] #AI #with https://t.co/qDfJUXzuea', 'edit_history_tweet_ids': ['1840862297167970447'], 'id': '1840862297167970447'}, includes={}, errors=[], meta={})
2024-09-30 21:12:27,994 - INFO - Sleeping for 4 minutes and 36 seconds.
2024-09-30 21:17:03,994 - INFO - Saved posted URL: https://www.pcmag.com/news/70-ai-camera-from-raspberry-pi-sony-works-with-all-pi-models at 2024-09-30 21:17:03
2024-09-30 21:17:03,994 - INFO - This link is already posted: https://www.reddit.com/r/MachineLearning/comments/1ft2v10/project_a_lossless_compression_library_taliored/
2024-09-30 21:17:03,994 - INFO - This link is already posted: https://www.techradar.com/pro/microsoft-embraces-nuclear-power-for-its-energy-hungry-data-centers-as-it-bets-on-infamous-three-mile-island-power-station-for-its-ai-ambitions
2024-09-30 21:17:03,994 - INFO - This link is already posted: https://techcrunch.com/2024/09/30/series-the-genai-startup-reinventing-game-development-has-quietly-raised-28m-from-netflix-dell-a16z-others/
2024-09-30 21:17:03,994 - INFO - This link is already posted: https://www.pcmag.com/news/california-governor-vetoes-ai-safety-bill-for-only-targeting-large-models
2024-09-30 21:17:03,994 - INFO - This link is already posted: https://www.wired.com/story/license-to-scrape-youtube-ai-data-license-creators/
2024-09-30 21:17:03,995 - INFO - This link is already posted: https://techcrunch.com/2024/09/30/ai-reading-coach-startup-ello-launches-custom-story-creation-feature-for-kids/
2024-09-30 21:17:03,995 - INFO - This link is already posted: https://towardsdatascience.com/causal-ai-at-kdd-2024-why-companies-that-wont-jump-on-the-causal-train-now-will-have-a-harder-bdd0671543cf?source=rss----7f60cf5620c9---4
2024-09-30 21:17:03,995 - INFO - This link is already posted: https://techcrunch.com/2024/09/30/microsoft-to-face-higher-competition-scrutiny-in-germany-including-over-its-use-of-ai/
2024-09-30 21:17:03,995 - INFO - This link is already posted: https://www.reddit.com/r/MachineLearning/comments/1fsv7js/discussion_what_are_some_the_informative_blogs_on/
2024-09-30 21:17:03,995 - INFO - This link is already posted: https://news.mit.edu/2024/ai-pareidolia-can-machines-spot-faces-in-inanimate-objects-0930
2024-09-30 21:17:03,995 - INFO - This link is already posted: https://towardsdatascience.com/the-ai-developers-dilemma-proprietary-ai-vs-open-source-ecosystem-453ac735b760?source=rss----7f60cf5620c9---4
2024-09-30 21:17:03,995 - INFO - This link is already posted: https://www.reddit.com/r/MachineLearning/comments/1fstn9m/p_i_tried_to_map_the_most_recurrent_and_popular/
2024-09-30 21:17:03,995 - INFO - This link is already posted: https://www.reddit.com/r/MachineLearning/comments/1fsnzl5/r_looking_for_endorsement_in_arxiv_csai/
