2024-09-27 06:17:25,029 - INFO - Starting configuration setup
2024-09-27 06:17:25,030 - INFO - Environment variables loaded successfully
2024-09-27 06:17:25,030 - INFO - Twitter API client initialized successfully
2024-09-27 06:17:26,967 - INFO - Initializing summarization model: facebook/bart-large-cnn
2024-09-27 06:17:35,433 - INFO - Summarization model initialized successfully
2024-09-27 06:17:35,433 - INFO - Starting tweet scheduling
2024-09-27 06:17:35,433 - INFO - Tweeting process started at 2024-09-27 06:17:35.433595!
2024-09-27 06:17:35,433 - INFO - Loaded posted URLs from /home/runner/work/TechInsightX/TechInsightX/src/../etc/ops/posted_links_2024Sep27.csv
2024-09-27 06:17:35,433 - INFO - Fetching latest tech news from RSS feeds
2024-09-27 06:17:51,881 - INFO - Total entries found: 617
2024-09-27 06:17:51,884 - INFO - Recent AI-related entries found: 33
2024-09-27 06:17:51,884 - INFO - Input content - content='ElevenLabs debuts Deepak Chopra AI voice clone for its Reader App.'
2024-09-27 06:17:51,885 - INFO - clean content - clean_content='ElevenLabs debuts Deepak Chopra AI voice clone for its Reader App.'
2024-09-27 06:17:51,885 - INFO - Generating summary with BART model
2024-09-27 06:17:57,240 - INFO - Generating summary with BART model
2024-09-27 06:18:01,911 - INFO - full_tweet='ElevenLabs debuts Deepak Chopra AI voice clone for its Reader App. ElevenLabs also debuts its own version..[read more👇🏼] #App #AI https://www.techradar.com/computing/artificial-intelligence/deepak-chopras-ai-voice-aims-to-enlighten-your-listening'
2024-09-27 06:18:02,171 - INFO - Tweet posted successfully: Response(data={'id': '1839550042702787060', 'edit_history_tweet_ids': ['1839550042702787060'], 'text': 'ElevenLabs debuts Deepak Chopra AI voice clone for its Reader App. ElevenLabs also debuts its own version..[read more👇🏼] #App #AI https://t.co/Uo4tCwMN4W'}, includes={}, errors=[], meta={})
2024-09-27 06:18:02,171 - INFO - Sleeping for 5 minutes and 31 seconds.
2024-09-27 06:23:33,172 - INFO - Saved posted URL: https://www.techradar.com/computing/artificial-intelligence/deepak-chopras-ai-voice-aims-to-enlighten-your-listening at 2024-09-27 06:23:33
2024-09-27 06:23:33,172 - INFO - Input content - content='Duolingo unveils AI features for learning languages.'
2024-09-27 06:23:33,172 - INFO - clean content - clean_content='Duolingo unveils AI features for learning languages.'
2024-09-27 06:23:33,172 - INFO - Generating summary with BART model
2024-09-27 06:23:36,900 - INFO - Generating summary with BART model
2024-09-27 06:23:40,630 - INFO - full_tweet='Duolingo unveils AI features for learning languages. Duolingo is a language-learning app that uses..[read more👇🏼] #app #AI https://www.techradar.com/computing/artificial-intelligence/you-can-now-chat-and-play-games-with-duolingos-ai-characters-to-learn-spanish-or-french'
2024-09-27 06:23:40,858 - INFO - Tweet posted successfully: Response(data={'edit_history_tweet_ids': ['1839551463355543859'], 'text': 'Duolingo unveils AI features for learning languages. Duolingo is a language-learning app that uses..[read more👇🏼] #app #AI https://t.co/VzJ6lEOCjS', 'id': '1839551463355543859'}, includes={}, errors=[], meta={})
2024-09-27 06:23:40,858 - INFO - Sleeping for 2 minutes and 13 seconds.
2024-09-27 06:25:53,858 - INFO - Saved posted URL: https://www.techradar.com/computing/artificial-intelligence/you-can-now-chat-and-play-games-with-duolingos-ai-characters-to-learn-spanish-or-french at 2024-09-27 06:25:53
2024-09-27 06:25:53,858 - INFO - Input content - content='<!-- SC_OFF --><div class="md"><p>Hey Reddit!</p> <p>As someone working in AI, I\'ve always found it hard to keep up with the fast pace of AI research.</p> <p>So, I built the arXiv AI Newsletter as a fun side project (<a href="https://newsletter.pantheon.so">https://newsletter.pantheon.so</a>).</p> <p>It\'s a newsletter of recent trending AI papers with a summary of what problem each one is solving.</p> <p>Its using Mendeley reader count and X to find trending AI papers covering all arXiv CS topics.</p> <p>I hope you find this project useful, and I would love to hear the community\'s thoughts and feedback!</p> <p>P.S. I\'ve also added bioRxiv in addition to arXiv and am planning to add more preprint journals. Let me know if you have any favorites I should prioritize!</p> </div><!-- SC_ON --> &#32; submitted by &#32; <a href="https://www.reddit.com/user/yachty66"> /u/yachty66 </a> <br /> <span><a href="https://www.reddit.com/r/MachineLearning/comments/1fqaohu/p_arxiv_ai_papers_keep_up_with_ai_research_the/">[link]</a></span> &#32; <span><a href="https://www.reddit.com/r/MachineLearning/comments/1fqaohu/p_arxiv_ai_papers_keep_up_with_ai_research_the/">[comments]</a></span>'
2024-09-27 06:25:53,859 - INFO - clean content - clean_content="Hey Reddit! As someone working in AI, I've always found it hard to keep up with the fast pace of AI research. So, I built the arXiv AI Newsletter as a fun side project ( It's a newsletter of recent trending AI papers with a summary of what problem each one is solving. Its using Mendeley reader count and X to find trending AI papers covering all arXiv CS topics. I hope you find this project useful, and I would love to hear the community's thoughts and feedback! P.S. I've also added bioRxiv in addition to arXiv and am planning to add more preprint journals. Let me know if you have any favorites I should prioritize! &#32; submitted by &#32; /u/yachty66 [link] &#32; [comments]"
2024-09-27 06:25:53,859 - INFO - Generating summary with BART model
2024-09-27 06:26:00,246 - INFO - Generating summary with BART model
2024-09-27 06:26:06,583 - INFO - full_tweet='The arXiv AI Newsletter is a newsletter of recent trending AI papers with a summary of what problem each..[read more👇🏼] #AI #papers https://www.reddit.com/r/MachineLearning/comments/1fqaohu/p_arxiv_ai_papers_keep_up_with_ai_research_the/'
2024-09-27 06:26:06,681 - ERROR - Failed to post tweet: 403 Forbidden
You are not allowed to create a Tweet with duplicate content.
