2024-10-17 07:10:53,901 - INFO - Starting configuration setup
2024-10-17 07:10:53,902 - INFO - Environment variables loaded successfully
2024-10-17 07:10:53,902 - INFO - Twitter API client initialized successfully
2024-10-17 07:10:55,770 - INFO - Initializing summarization model: facebook/bart-large-cnn
2024-10-17 07:11:05,286 - INFO - Summarization model initialized successfully
2024-10-17 07:11:05,286 - INFO - Starting tweet scheduling
2024-10-17 07:11:05,286 - INFO - Tweeting process started at 2024-10-17 07:11:05.286906!
2024-10-17 07:11:05,287 - INFO - Loaded posted URLs from /home/runner/work/TechInsightX/TechInsightX/src/../etc/ops/posted_links_2024Oct17.csv
2024-10-17 07:11:05,287 - INFO - Fetching latest tech news from RSS feeds
2024-10-17 07:11:21,054 - INFO - Total entries found: 587
2024-10-17 07:11:21,057 - INFO - Recent AI-related entries found: 11
2024-10-17 07:11:21,057 - INFO - This link is already posted: https://www.techradar.com/computing/artificial-intelligence/ive-used-kindles-since-the-first-version-and-heres-what-amazon-is-getting-right-about-ai-with-the-new-kindle-scribe
2024-10-17 07:11:21,057 - INFO - This link is already posted: https://techcrunch.com/2024/10/16/metas-ai-chief-says-world-models-are-key-to-human-level-ai-but-it-might-be-10-years-out/
2024-10-17 07:11:21,057 - INFO - Input content - content='<p>Elias Torres has achieved a lot for somebody who immigrated to the US from Nicaragua at 17 without knowing any English. He served as a VP of engineering at HubSpot before co-founding Drift, a company that sold to Vista Equity for about $1.2 billion in 2021. &#8220;It&#8217;s very rare to get this far, but I&#8217;m [&#8230;]</p>\n<p>© 2024 TechCrunch. All rights reserved. For personal use only.</p>'
2024-10-17 07:11:21,058 - INFO - clean content - clean_content='Elias Torres has achieved a lot for somebody who immigrated to the US from Nicaragua at 17 without knowing any English. He served as a VP of engineering at HubSpot before co-founding Drift, a company that sold to Vista Equity for about $1.2 billion in 2021. “It’s very rare to get this far, but I’m […] © 2024 TechCrunch. All rights reserved. For personal use only.'
2024-10-17 07:11:21,058 - INFO - Generating summary with BART model
2024-10-17 07:11:28,268 - INFO - Generating summary with BART model
2024-10-17 07:11:34,774 - INFO - full_tweet='Elias Torres immigrated to the US from Nicaragua at 17 without knowing any English. He served as a VP of..[read more👇🏼] #Drift #engineering https://techcrunch.com/2024/10/16/after-selling-drift-ex-hubspot-exec-launches-ai-for-customer-success-managers/'
2024-10-17 07:11:34,900 - ERROR - Failed to post tweet: 403 Forbidden
You are not allowed to create a Tweet with duplicate content.
