2024-10-24 13:19:21,339 - INFO - Starting configuration setup
2024-10-24 13:19:21,339 - INFO - Environment variables loaded successfully
2024-10-24 13:19:21,339 - INFO - Twitter API client initialized successfully
2024-10-24 13:19:23,264 - INFO - Initializing summarization model: facebook/bart-large-cnn
2024-10-24 13:19:33,617 - INFO - Summarization model initialized successfully
2024-10-24 13:19:33,617 - INFO - Starting tweet scheduling
2024-10-24 13:19:33,617 - INFO - Tweeting process started at 2024-10-24 13:19:33.617820!
2024-10-24 13:19:33,618 - INFO - Loaded posted URLs from /home/runner/work/TechInsightX/TechInsightX/src/../etc/ops/posted_links_2024Oct24.csv
2024-10-24 13:19:33,618 - INFO - Fetching latest tech news from RSS feeds
2024-10-24 13:19:50,050 - INFO - Total entries found: 615
2024-10-24 13:19:50,053 - INFO - Recent AI-related entries found: 23
2024-10-24 13:19:50,053 - INFO - Input content - content='<p>Boardy is an AI that meets you via a phone call and then introduces you to other humans to expand your professional network.</p>\n<p>© 2024 TechCrunch. All rights reserved. For personal use only.</p>'
2024-10-24 13:19:50,053 - INFO - clean content - clean_content='Boardy is an AI that meets you via a phone call and then introduces you to other humans to expand your professional network. © 2024 TechCrunch. All rights reserved. For personal use only.'
2024-10-24 13:19:50,053 - INFO - Generating summary with BART model
2024-10-24 13:19:55,564 - INFO - Generating summary with BART model
2024-10-24 13:20:00,422 - INFO - full_tweet='Boardy is an AI that meets you via a phone call and then introduces you to other humans to expand your..[read more👇🏼] #network #AI https://techcrunch.com/2024/10/24/ai-networking-startup-boardy-raises-3m-pre-seed/'
2024-10-24 13:20:00,650 - INFO - Tweet posted successfully: Response(data={'text': 'Boardy is an AI that meets you via a phone call and then introduces you to other humans to expand your..[read more👇🏼] #network #AI https://t.co/GeCVz1Yt01', 'edit_history_tweet_ids': ['1849440708530524218'], 'id': '1849440708530524218'}, includes={}, errors=[], meta={})
2024-10-24 13:20:00,650 - INFO - Saved posted URL: https://techcrunch.com/2024/10/24/ai-networking-startup-boardy-raises-3m-pre-seed/ at 2024-10-24 13:20:00
2024-10-24 13:20:00,650 - INFO - Tweet link saved successfully.
2024-10-24 13:20:00,650 - INFO - Sleeping for 6 minutes and 39 seconds.
2024-10-24 13:26:39,650 - INFO - Input content - content='Huuuge founder Anton Gauffin has started Beyond, which is building a fashion game called Decor Society tapping generative AI.'
2024-10-24 13:26:39,650 - INFO - clean content - clean_content='Huuuge founder Anton Gauffin has started Beyond, which is building a fashion game called Decor Society tapping generative AI.'
2024-10-24 13:26:39,651 - INFO - Generating summary with BART model
2024-10-24 13:26:45,234 - INFO - Generating summary with BART model
2024-10-24 13:26:50,727 - INFO - full_tweet='Huuge founder Anton Gauffin has started Beyond, which is building a fashion game called Decor Society..[read more👇🏼] #AI #generative https://venturebeat.com/games/huuuge-social-casino-veteran-unveils-ai-focused-beyond-startup-and-decor-society/'
2024-10-24 13:26:50,976 - INFO - Tweet posted successfully: Response(data={'edit_history_tweet_ids': ['1849442429533061239'], 'text': 'Huuge founder Anton Gauffin has started Beyond, which is building a fashion game called Decor Society..[read more👇🏼] #AI #generative https://t.co/RVu0GGXwfX', 'id': '1849442429533061239'}, includes={}, errors=[], meta={})
2024-10-24 13:26:50,976 - INFO - Saved posted URL: https://venturebeat.com/games/huuuge-social-casino-veteran-unveils-ai-focused-beyond-startup-and-decor-society/ at 2024-10-24 13:26:50
2024-10-24 13:26:50,976 - INFO - Tweet link saved successfully.
2024-10-24 13:26:50,976 - INFO - Sleeping for 5 minutes and 46 seconds.
2024-10-24 13:32:36,976 - INFO - Input content - content='You can now use a Google tool to watermark and identify AI-generated text to protect against misinformation.'
2024-10-24 13:32:36,976 - INFO - clean content - clean_content='You can now use a Google tool to watermark and identify AI-generated text to protect against misinformation.'
2024-10-24 13:32:36,977 - INFO - Generating summary with BART model
2024-10-24 13:32:41,437 - INFO - Generating summary with BART model
2024-10-24 13:32:45,892 - INFO - full_tweet='You can now use a Google tool to watermark and identify AI-generated text to protect against..[read more👇🏼] #AI #watermark https://www.techradar.com/pro/googles-new-ai-tool-lets-developers-watermark-and-detect-text-generated-by-ai-models'
2024-10-24 13:32:46,162 - INFO - Tweet posted successfully: Response(data={'text': 'You can now use a Google tool to watermark and identify AI-generated text to protect against..[read more👇🏼] #AI #watermark https://t.co/eJKI0VPSsL', 'id': '1849443919244988609', 'edit_history_tweet_ids': ['1849443919244988609']}, includes={}, errors=[], meta={})
2024-10-24 13:32:46,162 - INFO - Saved posted URL: https://www.techradar.com/pro/googles-new-ai-tool-lets-developers-watermark-and-detect-text-generated-by-ai-models at 2024-10-24 13:32:46
2024-10-24 13:32:46,162 - INFO - Tweet link saved successfully.
2024-10-24 13:32:46,162 - INFO - Sleeping for 4 minutes and 25 seconds.
2024-10-24 13:37:11,163 - INFO - Input content - content="I tried out Mixbook's new AI-powered design technology to help celebrate moments over the last decade."
2024-10-24 13:37:11,163 - INFO - clean content - clean_content="I tried out Mixbook's new AI-powered design technology to help celebrate moments over the last decade."
2024-10-24 13:37:11,163 - INFO - Generating summary with BART model
2024-10-24 13:37:15,398 - INFO - Generating summary with BART model
2024-10-24 13:37:19,628 - INFO - full_tweet="Mixbook's new AI-powered design technology helps celebrate moments over the last decade. I tried out..[read more👇🏼] #technology #AI https://www.cnet.com/tech/services-and-software/i-tried-mixbook-ai-to-make-a-photo-book-and-got-a-physical-and-digital-memento/#ftag=CAD590a51e"
2024-10-24 13:37:19,826 - INFO - Tweet posted successfully: Response(data={'edit_history_tweet_ids': ['1849445067075060174'], 'text': "Mixbook's new AI-powered design technology helps celebrate moments over the last decade. I tried out..[read more👇🏼] #technology #AI https://t.co/BN0UeJNXh9", 'id': '1849445067075060174'}, includes={}, errors=[], meta={})
2024-10-24 13:37:19,827 - INFO - Saved posted URL: https://www.cnet.com/tech/services-and-software/i-tried-mixbook-ai-to-make-a-photo-book-and-got-a-physical-and-digital-memento/#ftag=CAD590a51e at 2024-10-24 13:37:19
2024-10-24 13:37:19,827 - INFO - Tweet link saved successfully.
2024-10-24 13:37:19,827 - INFO - Sleeping for 8 minutes and 28 seconds.
2024-10-24 13:45:47,827 - INFO - Input content - content='TSMC is investigating how Huawei has obtained its chips after one was found in the Huawei Ascend 910B.'
2024-10-24 13:45:47,827 - INFO - clean content - clean_content='TSMC is investigating how Huawei has obtained its chips after one was found in the Huawei Ascend 910B.'
2024-10-24 13:45:47,827 - INFO - Generating summary with BART model
2024-10-24 13:45:52,616 - INFO - Generating summary with BART model
2024-10-24 13:45:57,392 - INFO - full_tweet='TSMC is investigating how Huawei has obtained its chips. One of the chips was found in the Huawei Ascend..[read more👇🏼] #Huawei #chips https://www.pcmag.com/news/tsmc-chip-found-in-latest-huawei-ai-processor-ascend-910b'
2024-10-24 13:45:57,660 - INFO - Tweet posted successfully: Response(data={'text': 'TSMC is investigating how Huawei has obtained its chips. One of the chips was found in the Huawei Ascend..[read more👇🏼] #Huawei #chips https://t.co/M0B2JNuXId', 'id': '1849447239045050556', 'edit_history_tweet_ids': ['1849447239045050556']}, includes={}, errors=[], meta={})
2024-10-24 13:45:57,660 - INFO - Saved posted URL: https://www.pcmag.com/news/tsmc-chip-found-in-latest-huawei-ai-processor-ascend-910b at 2024-10-24 13:45:57
2024-10-24 13:45:57,660 - INFO - Tweet link saved successfully.
2024-10-24 13:45:57,660 - INFO - Sleeping for 7 minutes and 13 seconds.
2024-10-24 13:53:10,660 - INFO - This link is already posted: https://www.pcmag.com/news/google-open-sources-ai-detection-invisible-watermarking-tool-synth-id
2024-10-24 13:53:10,661 - INFO - Input content - content='<!-- SC_OFF --><div class="md"><p>As the title suggests,<br /> I was looking into the prospective idea of building a MAS based HRIS, I am looking into suggestions from other seasoned folks or anyone that how can I build this idea in a good product for my organization<br /> What kind of services or any sort of compelling use-cases, etc<br /> I am looking forward to hearing from all the folks</p> </div><!-- SC_ON --> &#32; submitted by &#32; <a href="https://www.reddit.com/user/Not_so_sure_paradox9"> /u/Not_so_sure_paradox9 </a> <br /> <span><a href="https://www.reddit.com/r/MachineLearning/comments/1gaylfx/p_multiagent_ai_based_human_resource_information/">[link]</a></span> &#32; <span><a href="https://www.reddit.com/r/MachineLearning/comments/1gaylfx/p_multiagent_ai_based_human_resource_information/">[comments]</a></span>'
2024-10-24 13:53:10,661 - INFO - clean content - clean_content='As the title suggests, I was looking into the prospective idea of building a MAS based HRIS, I am looking into suggestions from other seasoned folks or anyone that how can I build this idea in a good product for my organization What kind of services or any sort of compelling use-cases, etc I am looking forward to hearing from all the folks   submitted by   /u/Not_so_sure_paradox9 [link]   [comments]'
2024-10-24 13:53:10,661 - INFO - Generating summary with BART model
2024-10-24 13:53:19,295 - INFO - Generating summary with BART model
2024-10-24 13:53:27,799 - INFO - full_tweet='As the title suggests, I was looking into the prospective idea of building a MAS based HRIS. I am looking..[read more👇🏼] #I #looking https://www.reddit.com/r/MachineLearning/comments/1gaylfx/p_multiagent_ai_based_human_resource_information/'
2024-10-24 13:53:27,927 - ERROR - Failed to post tweet: 403 Forbidden
You are not allowed to create a Tweet with duplicate content.
