2024-09-08 05:22:54,664 - INFO - Starting configuration setup
2024-09-08 05:22:54,664 - INFO - Environment variables loaded successfully
2024-09-08 05:22:54,665 - INFO - Twitter API client initialized successfully
2024-09-08 05:22:57,428 - INFO - Initializing summarization model: facebook/bart-large-cnn
2024-09-08 05:23:05,884 - INFO - Summarization model initialized successfully
2024-09-08 05:23:05,884 - INFO - Starting tweet scheduling
2024-09-08 05:23:05,884 - INFO - Tweeting process started at 2024-09-08 05:23:05.884528!
2024-09-08 05:23:05,884 - INFO - Loaded posted URLs from /home/runner/work/TechInsightX/TechInsightX/src/../etc/ops/posted_links_2024Sep08.csv
2024-09-08 05:23:05,884 - INFO - Fetching latest tech news from RSS feeds
2024-09-08 05:23:12,347 - INFO - Total entries found: 427
2024-09-08 05:23:12,349 - INFO - Recent AI-related entries found: 6
2024-09-08 05:23:12,350 - INFO - This link is already posted: https://www.reddit.com/r/MachineLearning/comments/1fbe5qg/d_last_week_in_medical_ai_top_research/
2024-09-08 05:23:12,350 - INFO - This link is already posted: https://techcrunch.com/2024/09/07/canva-wants-you-to-pay-a-lot-more-for-its-ai-features/
2024-09-08 05:23:12,350 - INFO - This link is already posted: https://www.techradar.com/pro/most-companies-approve-the-use-of-ai-in-resumes-but-with-integrated-personal-insights-to-maintain-authenticity
2024-09-08 05:23:12,350 - INFO - Input content - content='From robot vacuums that scale steps to AI-equipped appliances, IFA Berlin delivered tons of new innovations to make your smart home even more connected and convenient.'
2024-09-08 05:23:12,350 - INFO - clean content - clean_content='From robot vacuums that scale steps to AI-equipped appliances, IFA Berlin delivered tons of new innovations to make your smart home even more connected and convenient.'
2024-09-08 05:23:12,350 - INFO - Generating summary with BART model
2024-09-08 05:23:19,306 - INFO - Tweet posted successfully: Response(data={'id': '1832650904056778826', 'text': 'IFA Berlin delivered tons of new innovations to make your smart home even more connected. From robot..[read more👇🏼] https://t.co/YmzEGSDtje', 'edit_history_tweet_ids': ['1832650904056778826']}, includes={}, errors=[], meta={})
2024-09-08 05:23:19,306 - INFO - Saved posted URL: https://www.pcmag.com/news/climbing-vacuums-ai-ovens-and-a-wire-free-kitchen-the-best-smart-home-tech at 2024-09-08 05:23:19
2024-09-08 05:23:19,306 - INFO - This link is already posted: https://techcrunch.com/2024/09/07/how-a-viral-ai-image-catapulted-a-mexican-startup-to-a-major-adidas-contract/
2024-09-08 05:23:19,306 - INFO - Input content - content='<!-- SC_OFF --><div class="md"><p>Here is the definition of &quot;AI system&quot; from the recent AI act by EU (bold by me):</p> <blockquote> <p>‘AI system’ means a machine-based system that is designed to operate with varying levels of autonomy and that <strong>may</strong> exhibit adaptiveness after deployment, and that, for explicit or implicit objectives, infers, from the input it receives, how to generate outputs <strong>such as</strong> predictions, content, recommendations, or decisions that can influence physical or virtual environments;</p> </blockquote> <p>When removed the examples, that are examples and thus not mandatory for a system to be identified as &quot;AI&quot;, the definition sounds like this:</p> <blockquote> <p>‘AI system’ means a machine-based system that is designed to operate with varying levels of autonomy and that, for explicit or implicit objectives, infers, from the input it receives, how to generate outputs.</p> </blockquote> <p>Now, this definition could include <em>any</em> software developed since the first year\'s university course of basic programming.</p> <p>To start the discussion, I note the following:</p> <ul> <li>&quot;infer&quot; may refer to a statistical domain, but it would be limited. Moreover the word &quot;infer&quot; is not &quot;statistically infer&quot;: the latter is connected with uncertainty, confidence, etc, while the former is a method of reasoning (from Merriam-Webster Dictionary: &quot;to derive as a conclusion from facts or premises&quot;).</li> <li>The word &quot;how&quot; is also wrong: most AI systems don\'t decide <em>how</em> to generate output, they don\'t modify the algorithm while running.</li> <li>&quot;Varying levels of autonomy&quot; doesn\'t set a minimum level: what\'s the minimum autonomy needed by an AI system?</li> </ul> </div><!-- SC_ON --> &#32; submitted by &#32; <a href="https://www.reddit.com/user/ResilientSpider"> /u/ResilientSpider </a> <br /> <span><a href="https://www.reddit.com/r/MachineLearning/comments/1fb2b4h/d_the_eu_definition_of_ai_is_pointless/">[link]</a></span> &#32; <span><a href="https://www.reddit.com/r/MachineLearning/comments/1fb2b4h/d_the_eu_definition_of_ai_is_pointless/">[comments]</a></span>'
2024-09-08 05:23:19,307 - INFO - clean content - clean_content="Here is the definition of &quot;AI system&quot; from the recent AI act by EU (bold by me): ‘AI system’ means a machine-based system that is designed to operate with varying levels of autonomy and that may exhibit adaptiveness after deployment, and that, for explicit or implicit objectives, infers, from the input it receives, how to generate outputs such as predictions, content, recommendations, or decisions that can influence physical or virtual environments; When removed the examples, that are examples and thus not mandatory for a system to be identified as &quot;AI&quot;, the definition sounds like this: ‘AI system’ means a machine-based system that is designed to operate with varying levels of autonomy and that, for explicit or implicit objectives, infers, from the input it receives, how to generate outputs. Now, this definition could include any software developed since the first year's university course of basic programming. To start the discussion, I note the following: &quot;infer&quot; may refer to a statistical domain, but it would be limited. Moreover the word &quot;infer&quot; is not &quot;statistically infer&quot;: the latter is connected with uncertainty, confidence, etc, while the former is a method of reasoning (from Merriam-Webster Dictionary: &quot;to derive as a conclusion from facts or premises&quot;). The word &quot;how&quot; is also wrong: most AI systems don't decide how to generate output, they don't modify the algorithm while running. &quot;Varying levels of autonomy&quot; doesn't set a minimum level: what's the minimum autonomy needed by an AI system? &#32; submitted by &#32; /u/ResilientSpider [link] &#32; [comments]"
2024-09-08 05:23:19,307 - INFO - Generating summary with BART model
2024-09-08 05:23:24,944 - INFO - Tweet posted successfully: Response(data={'id': '1832650927758848477', 'edit_history_tweet_ids': ['1832650927758848477'], 'text': '‘AI system’ means a machine-based system that is designed to operate with varying levels of autonomy...[read more👇🏼] https://t.co/W2YX2FK4Kz'}, includes={}, errors=[], meta={})
2024-09-08 05:23:24,945 - INFO - Saved posted URL: https://www.reddit.com/r/MachineLearning/comments/1fb2b4h/d_the_eu_definition_of_ai_is_pointless/ at 2024-09-08 05:23:24
