2024-10-22 08:13:36,358 - INFO - Starting configuration setup
2024-10-22 08:13:36,358 - INFO - Environment variables loaded successfully
2024-10-22 08:13:36,358 - INFO - Twitter API client initialized successfully
2024-10-22 08:13:38,296 - INFO - Initializing summarization model: facebook/bart-large-cnn
2024-10-22 08:13:46,412 - INFO - Summarization model initialized successfully
2024-10-22 08:13:46,412 - INFO - Starting tweet scheduling
2024-10-22 08:13:46,412 - INFO - Tweeting process started at 2024-10-22 08:13:46.412471!
2024-10-22 08:13:46,412 - INFO - Loaded posted URLs from /home/runner/work/TechInsightX/TechInsightX/src/../etc/ops/posted_links_2024Oct22.csv
2024-10-22 08:13:46,412 - INFO - Fetching latest tech news from RSS feeds
2024-10-22 08:14:00,498 - INFO - Total entries found: 614
2024-10-22 08:14:00,501 - INFO - Recent AI-related entries found: 28
2024-10-22 08:14:00,501 - INFO - This link is already posted: https://www.techradar.com/pro/five-ways-ai-and-data-is-making-the-difference-in-the-premier-league
2024-10-22 08:14:00,501 - INFO - This link is already posted: https://www.reddit.com/r/MachineLearning/comments/1g9a226/d_a_probabilistic_method_for_determining_if_an/
2024-10-22 08:14:00,501 - INFO - This link is already posted: https://www.techradar.com/computing/artificial-intelligence/meld-your-photos-with-your-imagination-using-midjourneys-new-ai-image-editing-tools
2024-10-22 08:14:00,501 - INFO - This link is already posted: https://techcrunch.com/2024/10/21/indias-neysa-bags-30m-to-compete-with-global-ai-hyperscalers/
2024-10-22 08:14:00,501 - INFO - Input content - content='<p>The Ray-Ban Meta smart glasses are the top selling product in 60% of all Ray-Ban stores throughout Europe, the Middle East, and Africa, according to Upload VR. The detail came from EssilorLuxottica CFO Stefano Grassi, who revealed during the eyewear giant&#8217;s earnings call last week that Ray-Ban Meta proved to be a significant driver for [&#8230;]</p>\n<p>© 2024 TechCrunch. All rights reserved. For personal use only.</p>'
2024-10-22 08:14:00,502 - INFO - clean content - clean_content='The Ray-Ban Meta smart glasses are the top selling product in 60% of all Ray-Ban stores throughout Europe, the Middle East, and Africa, according to Upload VR. The detail came from EssilorLuxottica CFO Stefano Grassi, who revealed during the eyewear giant’s earnings call last week that Ray-Ban Meta proved to be a significant driver for […] © 2024 TechCrunch. All rights reserved. For personal use only.'
2024-10-22 08:14:00,502 - INFO - Generating summary with BART model
2024-10-22 08:14:09,165 - INFO - Generating summary with BART model
2024-10-22 08:14:16,897 - INFO - full_tweet='Ray-Ban Meta smart glasses are the top selling product in 60% of all Ray-Ban stores throughout Europe,..[read more👇🏼] #Ray #Ban https://techcrunch.com/2024/10/21/metas-smart-glasses-outsell-traditional-ray-bans-in-some-stores-even-before-ai-features-roll-out/'
2024-10-22 08:14:17,098 - ERROR - Failed to post tweet: 403 Forbidden
You are not allowed to create a Tweet with duplicate content.
