2024-10-22 23:11:10,902 - INFO - Starting configuration setup
2024-10-22 23:11:10,902 - INFO - Environment variables loaded successfully
2024-10-22 23:11:10,902 - INFO - Twitter API client initialized successfully
2024-10-22 23:11:12,830 - INFO - Initializing summarization model: facebook/bart-large-cnn
2024-10-22 23:11:21,145 - INFO - Summarization model initialized successfully
2024-10-22 23:11:21,145 - INFO - Starting tweet scheduling
2024-10-22 23:11:21,145 - INFO - Tweeting process started at 2024-10-22 23:11:21.145616!
2024-10-22 23:11:21,146 - INFO - Loaded posted URLs from /home/runner/work/TechInsightX/TechInsightX/src/../etc/ops/posted_links_2024Oct22.csv
2024-10-22 23:11:21,146 - INFO - Fetching latest tech news from RSS feeds
2024-10-22 23:11:37,390 - INFO - Total entries found: 615
2024-10-22 23:11:37,393 - INFO - Recent AI-related entries found: 22
2024-10-22 23:11:37,393 - INFO - This link is already posted: https://www.theverge.com/2024/10/22/24276994/ai-statement-training-data-copyright-threat-actors-authors-musicians-kevin-bacon-kate-mckinnon
2024-10-22 23:11:37,393 - INFO - This link is already posted: https://venturebeat.com/ai/this-is-a-game-changer-runway-releases-new-ai-facial-expression-motion-capture-feature-act-one/
2024-10-22 23:11:37,393 - INFO - Input content - content='Celebrities sign petition warning about AI use of their work.'
2024-10-22 23:11:37,394 - INFO - clean content - clean_content='Celebrities sign petition warning about AI use of their work.'
2024-10-22 23:11:37,394 - INFO - Generating summary with BART model
2024-10-22 23:11:43,603 - INFO - Generating summary with BART model
2024-10-22 23:11:49,155 - INFO - full_tweet='CNN.com will feature iReporter photos in a weekly Travel Snapshots gallery. Please submit your best shots..[read more👇🏼] #gallery #Travel https://www.techradar.com/computing/artificial-intelligence/kevin-bacon-julianne-moore-thom-yorke-and-10k-creators-sign-warning-against-ai-use-of-their-work'
2024-10-22 23:11:49,255 - ERROR - Failed to post tweet: 429 Too Many Requests
Too Many Requests
