2024-09-10 05:50:23,979 - INFO - Starting configuration setup
2024-09-10 05:50:23,979 - INFO - Environment variables loaded successfully
2024-09-10 05:50:23,979 - INFO - Twitter API client initialized successfully
2024-09-10 05:50:25,904 - INFO - Initializing summarization model: facebook/bart-large-cnn
2024-09-10 05:50:33,129 - INFO - Summarization model initialized successfully
2024-09-10 05:50:33,206 - INFO - Starting tweet scheduling
2024-09-10 05:50:33,206 - INFO - Tweeting process started at 2024-09-10 05:50:33.206226!
2024-09-10 05:50:33,206 - INFO - Loaded posted URLs from /home/runner/work/TechInsightX/TechInsightX/src/../etc/ops/posted_links_2024Sep10.csv
2024-09-10 05:50:33,206 - INFO - Fetching latest tech news from RSS feeds
2024-09-10 05:50:40,169 - INFO - Total entries found: 427
2024-09-10 05:50:40,171 - INFO - Recent AI-related entries found: 16
2024-09-10 05:50:40,171 - INFO - Input content - content='Intelligence services are harnessing GenAI to navigate extremist content.'
2024-09-10 05:50:40,171 - INFO - clean content - clean_content='Intelligence services are harnessing GenAI to navigate extremist content.'
2024-09-10 05:50:40,171 - INFO - Generating summary with BART model
2024-09-10 05:50:46,219 - INFO - Tweet posted successfully: Response(data={'text': '. Intelligence services are harnessing GenAI to navigate extremist content. GenAI is a computer program..[read more👇🏼] https://t.co/PcFXiUIJvt', 'edit_history_tweet_ids': ['1833382587357692351'], 'id': '1833382587357692351'}, includes={}, errors=[], meta={})
2024-09-10 05:50:46,219 - INFO - Saved posted URL: https://www.techradar.com/pro/mi6-and-cia-are-combatting-tech-savvy-criminals-with-generative-ai at 2024-09-10 05:50:46
2024-09-10 05:50:46,219 - INFO - Input content - content="Google's AI gaming engine, GameNGen, can recreate DOOM in real-time and it's seriously impressive."
2024-09-10 05:50:46,219 - INFO - clean content - clean_content="Google's AI gaming engine, GameNGen, can recreate DOOM in real-time and it's seriously impressive."
2024-09-10 05:50:46,219 - INFO - Generating summary with BART model
2024-09-10 05:50:51,018 - INFO - Tweet posted successfully: Response(data={'id': '1833382607536427127', 'edit_history_tweet_ids': ['1833382607536427127'], 'text': "Google's AI gaming engine, GameNGen, can recreate DOOM in real-time and it's seriously impressive...[read more👇🏼] https://t.co/YvOgJoXv92"}, includes={}, errors=[], meta={})
2024-09-10 05:50:51,018 - INFO - Saved posted URL: https://www.techradar.com/computing/artificial-intelligence/googles-new-ai-gaming-engine-can-recreate-doom-and-basically-all-your-other-favorite-games-too at 2024-09-10 05:50:51
2024-09-10 05:50:51,018 - INFO - This link is already posted: https://techcrunch.com/2024/09/09/heart-disease-is-the-worlds-biggest-killer-this-cambridge-uni-spinout-is-using-ai-to-find-new-treatments/
2024-09-10 05:50:51,018 - INFO - This link is already posted: https://www.reddit.com/r/MachineLearning/comments/1fd5znf/ai_is_theft_steal_my_aesthetic_with_a_lora_i/
2024-09-10 05:50:51,018 - INFO - This link is already posted: https://www.cnet.com/tech/mobile/the-iphone-16s-new-ai-camera-button-owes-a-lot-to-sonys-xperia-phones/#ftag=CAD590a51e
2024-09-10 05:50:51,019 - INFO - This link is already posted: https://www.wired.com/story/james-earl-jones-darth-vader-death-artificial-intelligence/
2024-09-10 05:50:51,019 - INFO - This link is already posted: https://techcrunch.com/2024/09/09/apple-upgrades-watchos-with-ai-powered-features-including-translation/
2024-09-10 05:50:51,019 - INFO - This link is already posted: https://www.cnet.com/tech/mobile/cnet-survey-a-quarter-of-smartphone-owners-dont-find-ai-features-helpful/#ftag=CAD590a51e
2024-09-10 05:50:51,019 - INFO - This link is already posted: https://www.theverge.com/2024/9/9/24240173/amd-udna-gpu-ai-gaming-rdna-cdna-jack-huynh
2024-09-10 05:50:51,019 - INFO - This link is already posted: https://techcrunch.com/2024/09/09/audible-recruits-voice-actors-to-train-audiobook-generating-ai/
2024-09-10 05:50:51,019 - INFO - This link is already posted: https://www.techradar.com/computing/artificial-intelligence/youtube-can-spot-those-ai-produced-faces-and-music-tracks-youre-seeing-all-over
2024-09-10 05:50:51,019 - INFO - This link is already posted: https://techcrunch.com/2024/09/09/heres-the-full-list-of-28-us-ai-startups-that-have-raised-100m-or-more-in-2024/
2024-09-10 05:50:51,019 - INFO - This link is already posted: https://techcrunch.com/2024/09/09/apple-to-release-ai-focused-macos-sequoia-on-september-16/
2024-09-10 05:50:51,019 - INFO - This link is already posted: https://www.wired.com/story/google-pixel-watch-3-running-coach-features/
2024-09-10 05:50:51,019 - INFO - This link is already posted: https://www.pcmag.com/deals/this-tool-can-grow-your-business-with-ai-powered-b2b-intelligence
2024-09-10 05:50:51,019 - INFO - This link is already posted: https://www.wired.com/story/grok-ai-privacy-opt-out/
