2024-09-18 05:11:41,981 - INFO - Starting configuration setup
2024-09-18 05:11:41,981 - INFO - Environment variables loaded successfully
2024-09-18 05:11:41,981 - INFO - Twitter API client initialized successfully
2024-09-18 05:11:44,045 - INFO - Initializing summarization model: facebook/bart-large-cnn
2024-09-18 05:11:51,068 - INFO - Summarization model initialized successfully
2024-09-18 05:11:51,068 - INFO - Starting tweet scheduling
2024-09-18 05:11:51,068 - INFO - Tweeting process started at 2024-09-18 05:11:51.068417!
2024-09-18 05:11:51,068 - INFO - Loaded posted URLs from /home/runner/work/TechInsightX/TechInsightX/src/../etc/ops/posted_links_2024Sep18.csv
2024-09-18 05:11:51,068 - INFO - Fetching latest tech news from RSS feeds
2024-09-18 05:12:12,631 - INFO - Total entries found: 622
2024-09-18 05:12:12,634 - INFO - Recent AI-related entries found: 22
2024-09-18 05:12:12,634 - INFO - Input content - content='<p>California Governor Gavin Newsom said there are 38 bills on his desk that would create laws around artificial intelligence on Tuesday, but one looms larger than all of them: SB 1047, California&#8217;s bill that tries to prevent AI systems from causing catastrophes. For the first time, California&#8217;s Governor shared how he&#8217;s thinking about the controversial [&#8230;]</p>\n<p>© 2024 TechCrunch. All rights reserved. For personal use only.</p>'
2024-09-18 05:12:12,635 - INFO - clean content - clean_content='California Governor Gavin Newsom said there are 38 bills on his desk that would create laws around artificial intelligence on Tuesday, but one looms larger than all of them: SB 1047, California&#8217;s bill that tries to prevent AI systems from causing catastrophes. For the first time, California&#8217;s Governor shared how he&#8217;s thinking about the controversial [&#8230;] © 2024 TechCrunch. All rights reserved. For personal use only.'
2024-09-18 05:12:12,635 - INFO - Generating summary with BART model
2024-09-18 05:12:20,001 - INFO - Generating summary with BART model
2024-09-18 05:12:26,491 - INFO - full_tweet='California Governor Gavin Newsom said there are 38 bills on his desk that would create laws around..[read more👇🏼] #AI #California https://techcrunch.com/2024/09/17/governor-newsom-on-california-ai-bill-sb-1047-i-cant-solve-for-everything/'
2024-09-18 05:12:26,742 - INFO - Tweet posted successfully: Response(data={'edit_history_tweet_ids': ['1836272045560099223'], 'text': 'California Governor Gavin Newsom said there are 38 bills on his desk that would create laws around..[read more👇🏼] #AI #California https://t.co/mdFT0CYXIi', 'id': '1836272045560099223'}, includes={}, errors=[], meta={})
2024-09-18 05:12:26,742 - INFO - Sleeping for 9 minutes and 20 seconds.
2024-09-18 05:21:46,742 - INFO - Saved posted URL: https://techcrunch.com/2024/09/17/governor-newsom-on-california-ai-bill-sb-1047-i-cant-solve-for-everything/ at 2024-09-18 05:21:46
2024-09-18 05:21:46,742 - INFO - Input content - content='Artificial intelligence music makers Suno debuts Covers feature for redoing songs in new styles.'
2024-09-18 05:21:46,743 - INFO - clean content - clean_content='Artificial intelligence music makers Suno debuts Covers feature for redoing songs in new styles.'
2024-09-18 05:21:46,743 - INFO - Generating summary with BART model
2024-09-18 05:21:53,155 - INFO - Generating summary with BART model
2024-09-18 05:21:59,569 - INFO - full_tweet='Artificial intelligence music makers Suno debuts Covers feature for redoing songs in new styles. Suno..[read more👇🏼] #music #want https://www.techradar.com/computing/artificial-intelligence/this-ai-can-remake-a-song-in-any-genre-you-like'
2024-09-18 05:21:59,876 - INFO - Tweet posted successfully: Response(data={'text': 'Artificial intelligence music makers Suno debuts Covers feature for redoing songs in new styles. Suno..[read more👇🏼] #music #want https://t.co/PZHzRwKKJJ', 'id': '1836274449399652658', 'edit_history_tweet_ids': ['1836274449399652658']}, includes={}, errors=[], meta={})
2024-09-18 05:21:59,876 - INFO - Sleeping for 4 minutes and 56 seconds.
2024-09-18 05:26:55,876 - INFO - Saved posted URL: https://www.techradar.com/computing/artificial-intelligence/this-ai-can-remake-a-song-in-any-genre-you-like at 2024-09-18 05:26:55
2024-09-18 05:26:55,877 - INFO - Input content - content='AI-created songs and voices are streamed millions of times, especially K-Pop'
2024-09-18 05:26:55,877 - INFO - clean content - clean_content='AI-created songs and voices are streamed millions of times, especially K-Pop'
2024-09-18 05:26:55,877 - INFO - Generating summary with BART model
2024-09-18 05:26:59,884 - INFO - Generating summary with BART model
2024-09-18 05:27:03,887 - INFO - full_tweet='AI-created songs and voices are streamed millions of times, especially K-Pop. AI-created song and voice..[read more👇🏼] #AI #computer https://www.techradar.com/computing/artificial-intelligence/your-k-pop-favorites-may-be-illicit-ai-voice-clones'
2024-09-18 05:27:04,063 - ERROR - Failed to post tweet: 403 Forbidden
You are not allowed to create a Tweet with duplicate content.
