2024-10-23 13:19:19,284 - INFO - Starting configuration setup
2024-10-23 13:19:19,284 - INFO - Environment variables loaded successfully
2024-10-23 13:19:19,284 - INFO - Twitter API client initialized successfully
2024-10-23 13:19:21,194 - INFO - Initializing summarization model: facebook/bart-large-cnn
2024-10-23 13:19:29,189 - INFO - Summarization model initialized successfully
2024-10-23 13:19:29,190 - INFO - Starting tweet scheduling
2024-10-23 13:19:29,190 - INFO - Tweeting process started at 2024-10-23 13:19:29.190173!
2024-10-23 13:19:29,190 - INFO - Loaded posted URLs from /home/runner/work/TechInsightX/TechInsightX/src/../etc/ops/posted_links_2024Oct23.csv
2024-10-23 13:19:29,190 - INFO - Fetching latest tech news from RSS feeds
2024-10-23 13:19:45,907 - INFO - Total entries found: 615
2024-10-23 13:19:45,910 - INFO - Recent AI-related entries found: 24
2024-10-23 13:19:45,910 - INFO - Input content - content="Generative wallpaper is coming to 2024 Samsung TVs in North America and Europe but there's no news for older models."
2024-10-23 13:19:45,911 - INFO - clean content - clean_content="Generative wallpaper is coming to 2024 Samsung TVs in North America and Europe but there's no news for older models."
2024-10-23 13:19:45,911 - INFO - Generating summary with BART model
2024-10-23 13:19:51,257 - INFO - Generating summary with BART model
2024-10-23 13:19:55,989 - INFO - full_tweet="Generative wallpaper is coming to 2024 Samsung TVs in North America and Europe. There's no news for older..[read more👇🏼] #Generative #wallpaper https://www.techradar.com/televisions/samsungs-latest-tvs-are-getting-ai-wallpapers-for-their-ambient-mode-in-a-free-update"
2024-10-23 13:19:56,270 - INFO - Tweet posted successfully: Response(data={'id': '1849078302171861263', 'edit_history_tweet_ids': ['1849078302171861263'], 'text': "Generative wallpaper is coming to 2024 Samsung TVs in North America and Europe. There's no news for older..[read more👇🏼] #Generative #wallpaper https://t.co/lFf7LFH6GM"}, includes={}, errors=[], meta={})
2024-10-23 13:19:56,271 - INFO - Saved posted URL: https://www.techradar.com/televisions/samsungs-latest-tvs-are-getting-ai-wallpapers-for-their-ambient-mode-in-a-free-update at 2024-10-23 13:19:56
2024-10-23 13:19:56,271 - INFO - Tweet link saved successfully.
2024-10-23 13:19:56,271 - INFO - Sleeping for 4 minutes and 40 seconds.
2024-10-23 13:24:36,271 - INFO - This link is already posted: https://www.reddit.com/r/MachineLearning/comments/1ga8wxn/project_worlds_first_autonomous_aidiscovered_0day/
2024-10-23 13:24:36,271 - INFO - Input content - content='Text prompts to PowerPoints, in minutes.'
2024-10-23 13:24:36,271 - INFO - clean content - clean_content='Text prompts to PowerPoints, in minutes.'
2024-10-23 13:24:36,271 - INFO - Generating summary with BART model
2024-10-23 13:24:39,968 - INFO - Generating summary with BART model
2024-10-23 13:24:43,663 - INFO - full_tweet='Text prompts to PowerPoints, in minutes. Text prompts to power points, in seconds. PowerPoints to Power..[read more👇🏼] #prompts #minutes https://www.cnet.com/tech/services-and-software/how-to-use-ai-to-create-a-powerpoint-presentation/#ftag=CAD590a51e'
2024-10-23 13:24:43,839 - ERROR - Failed to post tweet: 429 Too Many Requests
Too Many Requests
