2024-09-27 11:10:00,089 - INFO - Starting configuration setup
2024-09-27 11:10:00,089 - INFO - Environment variables loaded successfully
2024-09-27 11:10:00,090 - INFO - Twitter API client initialized successfully
2024-09-27 11:10:01,933 - INFO - Initializing summarization model: facebook/bart-large-cnn
2024-09-27 11:10:08,471 - INFO - Summarization model initialized successfully
2024-09-27 11:10:08,471 - INFO - Starting tweet scheduling
2024-09-27 11:10:08,471 - INFO - Tweeting process started at 2024-09-27 11:10:08.471345!
2024-09-27 11:10:08,471 - INFO - Loaded posted URLs from /home/runner/work/TechInsightX/TechInsightX/src/../etc/ops/posted_links_2024Sep27.csv
2024-09-27 11:10:08,471 - INFO - Fetching latest tech news from RSS feeds
2024-09-27 11:10:26,815 - INFO - Total entries found: 617
2024-09-27 11:10:26,818 - INFO - Recent AI-related entries found: 35
2024-09-27 11:10:26,818 - INFO - Input content - content='Artificial intelligence is threatening the graphic design industry, but humans are still better in some aspects.'
2024-09-27 11:10:26,818 - INFO - clean content - clean_content='Artificial intelligence is threatening the graphic design industry, but humans are still better in some aspects.'
2024-09-27 11:10:26,818 - INFO - Generating summary with BART model
2024-09-27 11:10:32,303 - INFO - Generating summary with BART model
2024-09-27 11:10:37,157 - INFO - full_tweet='Artificial intelligence is threatening the graphic design industry. But humans are still better in some..[read more👇🏼] #aspects #design https://www.techradar.com/pro/ai-could-terminate-graphic-designers-before-2030-survey-of-creative-professionals-finds'
2024-09-27 11:10:37,426 - INFO - Tweet posted successfully: Response(data={'edit_history_tweet_ids': ['1839623674757816569'], 'id': '1839623674757816569', 'text': 'Artificial intelligence is threatening the graphic design industry. But humans are still better in some..[read more👇🏼] #aspects #design https://t.co/8gY08P7QC5'}, includes={}, errors=[], meta={})
2024-09-27 11:10:37,426 - INFO - Sleeping for 8 minutes and 33 seconds.
2024-09-27 11:19:10,427 - INFO - Saved posted URL: https://www.techradar.com/pro/ai-could-terminate-graphic-designers-before-2030-survey-of-creative-professionals-finds at 2024-09-27 11:19:10
2024-09-27 11:19:10,427 - INFO - Input content - content="We finally have our first glimpse at how Apple Intelligence's Genmoji feature will work in iOS 18.2."
2024-09-27 11:19:10,427 - INFO - clean content - clean_content="We finally have our first glimpse at how Apple Intelligence's Genmoji feature will work in iOS 18.2."
2024-09-27 11:19:10,427 - INFO - Generating summary with BART model
2024-09-27 11:19:15,072 - INFO - Generating summary with BART model
2024-09-27 11:19:19,734 - INFO - full_tweet='iOS 18.2.2 includes a new feature called Genmoji. The feature will allow users to create their own..[read more👇🏼] #feature #includes https://www.techradar.com/phones/iphone/apple-intelligence-s-ai-custom-emoji-creator-is-going-to-be-even-quicker-and-easier-than-we-expected'
2024-09-27 11:19:19,991 - INFO - Tweet posted successfully: Response(data={'edit_history_tweet_ids': ['1839625866533318965'], 'text': 'iOS 18.2.2 includes a new feature called Genmoji. The feature will allow users to create their own..[read more👇🏼] #feature #includes https://t.co/1g76m4hiTt', 'id': '1839625866533318965'}, includes={}, errors=[], meta={})
2024-09-27 11:19:19,991 - INFO - Sleeping for 7 minutes and 56 seconds.
2024-09-27 11:27:15,992 - INFO - Saved posted URL: https://www.techradar.com/phones/iphone/apple-intelligence-s-ai-custom-emoji-creator-is-going-to-be-even-quicker-and-easier-than-we-expected at 2024-09-27 11:27:15
2024-09-27 11:27:15,992 - INFO - Input content - content='Small businesses are calling out for simpler integrated AI tools to boost adoption.'
2024-09-27 11:27:15,992 - INFO - clean content - clean_content='Small businesses are calling out for simpler integrated AI tools to boost adoption.'
2024-09-27 11:27:15,992 - INFO - Generating summary with BART model
2024-09-27 11:27:19,716 - INFO - Generating summary with BART model
2024-09-27 11:27:23,428 - INFO - full_tweet='Small businesses are calling out for simpler integrated AI tools to boost adoption. Small business owners..[read more👇🏼] #AI #integrated https://www.techradar.com/pro/many-small-businesses-say-they-re-too-scared-to-use-ai'
2024-09-27 11:27:23,566 - ERROR - Failed to post tweet: 403 Forbidden
You are not allowed to create a Tweet with duplicate content.
