2024-09-10 04:50:45,301 - INFO - Starting configuration setup
2024-09-10 04:50:45,301 - INFO - Environment variables loaded successfully
2024-09-10 04:50:45,301 - INFO - Twitter API client initialized successfully
2024-09-10 04:50:47,211 - INFO - Initializing summarization model: facebook/bart-large-cnn
2024-09-10 04:50:57,649 - INFO - Summarization model initialized successfully
2024-09-10 04:50:57,649 - INFO - Starting tweet scheduling
2024-09-10 04:50:57,650 - INFO - Tweeting process started at 2024-09-10 04:50:57.650034!
2024-09-10 04:50:57,650 - INFO - Loaded posted URLs from /home/runner/work/TechInsightX/TechInsightX/src/../etc/ops/posted_links_2024Sep10.csv
2024-09-10 04:50:57,650 - INFO - Fetching latest tech news from RSS feeds
2024-09-10 04:51:16,241 - INFO - Total entries found: 402
2024-09-10 04:51:16,243 - INFO - Recent AI-related entries found: 12
2024-09-10 04:51:16,244 - INFO - Input content - content="<p>Cambridge University spinout CardiaTec is striving to tackle cardiovascular diseases, one of the world's leading causes of death, with AI.</p>\n<p>© 2024 TechCrunch. All rights reserved. For personal use only.</p>"
2024-09-10 04:51:16,244 - INFO - clean content - clean_content="Cambridge University spinout CardiaTec is striving to tackle cardiovascular diseases, one of the world's leading causes of death, with AI. © 2024 TechCrunch. All rights reserved. For personal use only."
2024-09-10 04:51:16,244 - INFO - Generating summary with BART model
2024-09-10 04:51:22,269 - INFO - Tweet posted successfully: Response(data={'text': "Cambridge University spinout CardiaTec is striving to tackle cardiovascular diseases, one of the world's..[read more👇🏼] https://t.co/Oo1l3LnJdL", 'id': '1833367638887805274', 'edit_history_tweet_ids': ['1833367638887805274']}, includes={}, errors=[], meta={})
2024-09-10 04:51:22,269 - INFO - Saved posted URL: https://techcrunch.com/2024/09/09/heart-disease-is-the-worlds-biggest-killer-this-cambridge-uni-spinout-is-using-ai-to-find-new-treatments/ at 2024-09-10 04:51:22
2024-09-10 04:51:22,269 - INFO - This link is already posted: https://www.reddit.com/r/MachineLearning/comments/1fd5znf/ai_is_theft_steal_my_aesthetic_with_a_lora_i/
2024-09-10 04:51:22,269 - INFO - This link is already posted: https://www.wired.com/story/james-earl-jones-darth-vader-death-artificial-intelligence/
2024-09-10 04:51:22,269 - INFO - This link is already posted: https://techcrunch.com/2024/09/09/apple-upgrades-watchos-with-ai-powered-features-including-translation/
2024-09-10 04:51:22,269 - INFO - This link is already posted: https://www.theverge.com/2024/9/9/24240173/amd-udna-gpu-ai-gaming-rdna-cdna-jack-huynh
2024-09-10 04:51:22,269 - INFO - This link is already posted: https://techcrunch.com/2024/09/09/audible-recruits-voice-actors-to-train-audiobook-generating-ai/
2024-09-10 04:51:22,269 - INFO - This link is already posted: https://www.techradar.com/computing/artificial-intelligence/youtube-can-spot-those-ai-produced-faces-and-music-tracks-youre-seeing-all-over
2024-09-10 04:51:22,269 - INFO - This link is already posted: https://techcrunch.com/2024/09/09/heres-the-full-list-of-28-us-ai-startups-that-have-raised-100m-or-more-in-2024/
2024-09-10 04:51:22,269 - INFO - This link is already posted: https://techcrunch.com/2024/09/09/apple-to-release-ai-focused-macos-sequoia-on-september-16/
2024-09-10 04:51:22,269 - INFO - This link is already posted: https://www.wired.com/story/google-pixel-watch-3-running-coach-features/
2024-09-10 04:51:22,270 - INFO - This link is already posted: https://www.pcmag.com/deals/this-tool-can-grow-your-business-with-ai-powered-b2b-intelligence
2024-09-10 04:51:22,270 - INFO - This link is already posted: https://www.wired.com/story/grok-ai-privacy-opt-out/
