2024-10-14 19:08:03,631 - INFO - Starting configuration setup
2024-10-14 19:08:03,632 - INFO - Environment variables loaded successfully
2024-10-14 19:08:03,632 - INFO - Twitter API client initialized successfully
2024-10-14 19:08:05,540 - INFO - Initializing summarization model: facebook/bart-large-cnn
2024-10-14 19:08:12,074 - INFO - Summarization model initialized successfully
2024-10-14 19:08:12,074 - INFO - Starting tweet scheduling
2024-10-14 19:08:12,074 - INFO - Tweeting process started at 2024-10-14 19:08:12.074473!
2024-10-14 19:08:12,075 - INFO - Loaded posted URLs from /home/runner/work/TechInsightX/TechInsightX/src/../etc/ops/posted_links_2024Oct14.csv
2024-10-14 19:08:12,075 - INFO - Fetching latest tech news from RSS feeds
2024-10-14 19:08:27,371 - INFO - Total entries found: 587
2024-10-14 19:08:27,374 - INFO - Recent AI-related entries found: 13
2024-10-14 19:08:27,374 - INFO - This link is already posted: https://www.techradar.com/pro/move-aside-h100-huawei-wants-chinese-hyperscalers-to-use-its-new-ascend-ai-chip-instead-of-nvidias-workhorse-but-its-going-to-be-tough
2024-10-14 19:08:27,374 - INFO - This link is already posted: https://www.cnet.com/tech/services-and-software/what-is-meta-ai-everything-to-know-about-the-social-networks-ai-tools/#ftag=CAD590a51e
2024-10-14 19:08:27,374 - INFO - This link is already posted: https://www.techradar.com/pro/plan-for-ai-datacenter-power-usage-or-face-the-consequences-energy-companies-told
2024-10-14 19:08:27,374 - INFO - This link is already posted: https://www.techradar.com/pro/adobe-unveils-new-ai-powered-app-for-marketing-teams
2024-10-14 19:08:27,374 - INFO - This link is already posted: https://www.kdnuggets.com/measuring-ai-adoption-and-impact
2024-10-14 19:08:27,374 - INFO - This link is already posted: https://www.techradar.com/pro/adobe-powers-up-photoshop-with-some-clever-new-ai-tools
2024-10-14 19:08:27,374 - INFO - This link is already posted: https://www.theverge.com/2024/10/14/24269859/adobe-max-2024-major-announcements-stream
2024-10-14 19:08:27,374 - INFO - This link is already posted: https://www.theverge.com/2024/10/14/24268813/photoshop-distraction-removal-ai-tool-launch
2024-10-14 19:08:27,374 - INFO - This link is already posted: https://www.theverge.com/2024/10/14/24268695/adobe-ai-video-generation-firefly-model-premiere-pro
2024-10-14 19:08:27,374 - INFO - This link is already posted: https://www.pcmag.com/news/adobe-moves-deeper-into-generative-ai-with-firefly-video-model
2024-10-14 19:08:27,374 - INFO - This link is already posted: https://techcrunch.com/2024/10/14/after-selling-his-last-ai-startup-to-meta-beyond-presences-founder-nabs-3-1m-to-build-realistic-avatars/
2024-10-14 19:08:27,374 - INFO - This link is already posted: https://www.reddit.com/r/MachineLearning/comments/1g39nc5/d_is_there_any_easy_to_use_ai_api_for_data/
2024-10-14 19:08:27,374 - INFO - This link is already posted: https://techcrunch.com/2024/10/13/director-morgan-neville-is-steering-clear-of-generative-ai-after-roadrunner-backlash/
