2024-09-27 12:21:10,863 - INFO - Starting configuration setup
2024-09-27 12:21:10,863 - INFO - Environment variables loaded successfully
2024-09-27 12:21:10,863 - INFO - Twitter API client initialized successfully
2024-09-27 12:21:12,702 - INFO - Initializing summarization model: facebook/bart-large-cnn
2024-09-27 12:21:20,960 - INFO - Summarization model initialized successfully
2024-09-27 12:21:20,960 - INFO - Starting tweet scheduling
2024-09-27 12:21:20,960 - INFO - Tweeting process started at 2024-09-27 12:21:20.960796!
2024-09-27 12:21:20,960 - INFO - Loaded posted URLs from /home/runner/work/TechInsightX/TechInsightX/src/../etc/ops/posted_links_2024Sep27.csv
2024-09-27 12:21:20,961 - INFO - Fetching latest tech news from RSS feeds
2024-09-27 12:21:35,598 - INFO - Total entries found: 617
2024-09-27 12:21:35,601 - INFO - Recent AI-related entries found: 30
2024-09-27 12:21:35,601 - INFO - Input content - content='The EufyCam S3 Pro can see color in the dark using new AI technology.'
2024-09-27 12:21:35,602 - INFO - clean content - clean_content='The EufyCam S3 Pro can see color in the dark using new AI technology.'
2024-09-27 12:21:35,602 - INFO - Generating summary with BART model
2024-09-27 12:21:40,449 - INFO - Generating summary with BART model
2024-09-27 12:21:44,638 - INFO - full_tweet='The EufyCam S3 Pro can see color in the dark using new AI technology. The camera can also detect objects..[read more👇🏼] #technology #AI https://www.techradar.com/home/home-security/this-new-eufy-home-security-camera-uses-ai-to-add-color-to-its-night-vision'
2024-09-27 12:21:44,908 - INFO - Tweet posted successfully: Response(data={'text': 'The EufyCam S3 Pro can see color in the dark using new AI technology. The camera can also detect objects..[read more👇🏼] #technology #AI https://t.co/qJTb13Wvq8', 'edit_history_tweet_ids': ['1839641573900112003'], 'id': '1839641573900112003'}, includes={}, errors=[], meta={})
2024-09-27 12:21:44,908 - INFO - Sleeping for 6 minutes and 25 seconds.
2024-09-27 12:28:09,908 - INFO - Saved posted URL: https://www.techradar.com/home/home-security/this-new-eufy-home-security-camera-uses-ai-to-add-color-to-its-night-vision at 2024-09-27 12:28:09
2024-09-27 12:28:09,908 - INFO - This link is already posted: https://www.techradar.com/pro/ai-could-terminate-graphic-designers-before-2030-survey-of-creative-professionals-finds
2024-09-27 12:28:09,908 - INFO - This link is already posted: https://www.techradar.com/phones/iphone/apple-intelligence-s-ai-custom-emoji-creator-is-going-to-be-even-quicker-and-easier-than-we-expected
2024-09-27 12:28:09,908 - INFO - Input content - content='Small businesses are calling out for simpler integrated AI tools to boost adoption.'
2024-09-27 12:28:09,909 - INFO - clean content - clean_content='Small businesses are calling out for simpler integrated AI tools to boost adoption.'
2024-09-27 12:28:09,909 - INFO - Generating summary with BART model
2024-09-27 12:28:13,752 - INFO - Generating summary with BART model
2024-09-27 12:28:17,545 - INFO - full_tweet='Small businesses are calling out for simpler integrated AI tools to boost adoption. Small business owners..[read more👇🏼] #AI #integrated https://www.techradar.com/pro/many-small-businesses-say-they-re-too-scared-to-use-ai'
2024-09-27 12:28:17,805 - INFO - Tweet posted successfully: Response(data={'id': '1839643221796048972', 'text': 'Small businesses are calling out for simpler integrated AI tools to boost adoption. Small business owners..[read more👇🏼] #AI #integrated https://t.co/RfrGY0nFEw', 'edit_history_tweet_ids': ['1839643221796048972']}, includes={}, errors=[], meta={})
2024-09-27 12:28:17,805 - INFO - Sleeping for 5 minutes and 28 seconds.
2024-09-27 12:33:45,805 - INFO - Saved posted URL: https://www.techradar.com/pro/many-small-businesses-say-they-re-too-scared-to-use-ai at 2024-09-27 12:33:45
2024-09-27 12:33:45,805 - INFO - Input content - content="Commentary: AI video is improving rapidly. Here's how you could make one yourself -- and what to watch out for as generative video goes mainstream."
2024-09-27 12:33:45,806 - INFO - clean content - clean_content="Commentary: AI video is improving rapidly. Here's how you could make one yourself -- and what to watch out for as generative video goes mainstream."
2024-09-27 12:33:45,806 - INFO - Generating summary with BART model
2024-09-27 12:33:51,273 - INFO - Generating summary with BART model
2024-09-27 12:33:56,736 - INFO - full_tweet="AI video is improving rapidly. Here's how you could make one yourself -- and what to watch out for as..[read more👇🏼] #AI #video https://www.cnet.com/tech/services-and-software/this-ai-generated-video-was-wild-how-to-spot-fakes-as-they-keep-getting-better/#ftag=CAD590a51e"
2024-09-27 12:33:57,002 - INFO - Tweet posted successfully: Response(data={'edit_history_tweet_ids': ['1839644644516524411'], 'text': "AI video is improving rapidly. Here's how you could make one yourself -- and what to watch out for as..[read more👇🏼] #AI #video https://t.co/m9wPmHGdYE", 'id': '1839644644516524411'}, includes={}, errors=[], meta={})
2024-09-27 12:33:57,002 - INFO - Sleeping for 9 minutes and 51 seconds.
2024-09-27 12:43:48,003 - INFO - Saved posted URL: https://www.cnet.com/tech/services-and-software/this-ai-generated-video-was-wild-how-to-spot-fakes-as-they-keep-getting-better/#ftag=CAD590a51e at 2024-09-27 12:43:48
2024-09-27 12:43:48,003 - INFO - This link is already posted: https://www.wired.com/story/china-wants-to-make-ai-watermarks-happen/
2024-09-27 12:43:48,003 - INFO - Input content - content='<!-- SC_OFF --><div class="md"><p>Hey Reddit!</p> <p>As someone working in AI, I\'ve always found it hard to keep up with the fast pace of AI research.</p> <p>So, I built the arXiv AI Newsletter as a fun side project (<a href="https://newsletter.pantheon.so">https://newsletter.pantheon.so</a>).</p> <p>It\'s a newsletter of recent trending AI papers with a summary of what problem each one is solving.</p> <p>Its using Mendeley reader count and X to find trending AI papers covering all arXiv CS topics.</p> <p>I hope you find this project useful, and I would love to hear the community\'s thoughts and feedback!</p> <p>P.S. I\'ve also added bioRxiv in addition to arXiv and am planning to add more preprint journals. Let me know if you have any favorites I should prioritize!</p> </div><!-- SC_ON --> &#32; submitted by &#32; <a href="https://www.reddit.com/user/yachty66"> /u/yachty66 </a> <br /> <span><a href="https://www.reddit.com/r/MachineLearning/comments/1fqaohu/p_arxiv_ai_papers_keep_up_with_ai_research_the/">[link]</a></span> &#32; <span><a href="https://www.reddit.com/r/MachineLearning/comments/1fqaohu/p_arxiv_ai_papers_keep_up_with_ai_research_the/">[comments]</a></span>'
2024-09-27 12:43:48,003 - INFO - clean content - clean_content="Hey Reddit! As someone working in AI, I've always found it hard to keep up with the fast pace of AI research. So, I built the arXiv AI Newsletter as a fun side project ( It's a newsletter of recent trending AI papers with a summary of what problem each one is solving. Its using Mendeley reader count and X to find trending AI papers covering all arXiv CS topics. I hope you find this project useful, and I would love to hear the community's thoughts and feedback! P.S. I've also added bioRxiv in addition to arXiv and am planning to add more preprint journals. Let me know if you have any favorites I should prioritize! &#32; submitted by &#32; /u/yachty66 [link] &#32; [comments]"
2024-09-27 12:43:48,003 - INFO - Generating summary with BART model
2024-09-27 12:43:54,019 - INFO - Generating summary with BART model
2024-09-27 12:44:00,136 - INFO - full_tweet='The arXiv AI Newsletter is a newsletter of recent trending AI papers with a summary of what problem each..[read more👇🏼] #AI #papers https://www.reddit.com/r/MachineLearning/comments/1fqaohu/p_arxiv_ai_papers_keep_up_with_ai_research_the/'
2024-09-27 12:44:00,262 - ERROR - Failed to post tweet: 403 Forbidden
You are not allowed to create a Tweet with duplicate content.
