2024-09-19 12:21:03,090 - INFO - Starting configuration setup
2024-09-19 12:21:03,090 - INFO - Environment variables loaded successfully
2024-09-19 12:21:03,090 - INFO - Twitter API client initialized successfully
2024-09-19 12:21:04,989 - INFO - Initializing summarization model: facebook/bart-large-cnn
2024-09-19 12:21:11,059 - INFO - Summarization model initialized successfully
2024-09-19 12:21:11,059 - INFO - Starting tweet scheduling
2024-09-19 12:21:11,059 - INFO - Tweeting process started at 2024-09-19 12:21:11.059634!
2024-09-19 12:21:11,059 - INFO - Loaded posted URLs from /home/runner/work/TechInsightX/TechInsightX/src/../etc/ops/posted_links_2024Sep19.csv
2024-09-19 12:21:11,060 - INFO - Fetching latest tech news from RSS feeds
2024-09-19 12:21:28,650 - INFO - Total entries found: 617
2024-09-19 12:21:28,653 - INFO - Recent AI-related entries found: 34
2024-09-19 12:21:28,653 - INFO - Input content - content='<p>With an explosion of weather and climate data that the last generation of tools can&#8217;t handle, is AI the future of forecasting? Research certainly suggests so, and a newly funded startup called Brightband is taking a shot at turning machine learning forecast models into both a business and open source standard. Today&#8217;s weather prediction and [&#8230;]</p>\n<p>© 2024 TechCrunch. All rights reserved. For personal use only.</p>'
2024-09-19 12:21:28,654 - INFO - clean content - clean_content='With an explosion of weather and climate data that the last generation of tools can&#8217;t handle, is AI the future of forecasting? Research certainly suggests so, and a newly funded startup called Brightband is taking a shot at turning machine learning forecast models into both a business and open source standard. Today&#8217;s weather prediction and [&#8230;] © 2024 TechCrunch. All rights reserved. For personal use only.'
2024-09-19 12:21:28,654 - INFO - Generating summary with BART model
2024-09-19 12:21:34,557 - INFO - Generating summary with BART model
2024-09-19 12:21:39,859 - INFO - full_tweet='Brightband is taking a shot at turning machine learning forecast models into both a business and open..[read more👇🏼] #startup #Brightband https://techcrunch.com/2024/09/19/brightband-sees-a-bright-and-open-source-future-for-ai-powered-weather-forecasting/'
2024-09-19 12:21:40,154 - INFO - Tweet posted successfully: Response(data={'text': 'Brightband is taking a shot at turning machine learning forecast models into both a business and open..[read more👇🏼] #startup #Brightband https://t.co/32izUSoGXV', 'edit_history_tweet_ids': ['1836742450896851089'], 'id': '1836742450896851089'}, includes={}, errors=[], meta={})
2024-09-19 12:21:40,154 - INFO - Sleeping for 5 minutes and 54 seconds.
2024-09-19 12:27:34,155 - INFO - Saved posted URL: https://techcrunch.com/2024/09/19/brightband-sees-a-bright-and-open-source-future-for-ai-powered-weather-forecasting/ at 2024-09-19 12:27:34
2024-09-19 12:27:34,155 - INFO - Input content - content='<p>A final report by the UN&#8217;s high level advisory body on artificial intelligence makes for, at times, a surreal read. Named ‘Governing AI for Humanity’, the document underlines the contradictory challenges of making any kind of governance stick on such a fast developing, massively invested and heavily hyped technology. On the one hand, the report [&#8230;]</p>\n<p>© 2024 TechCrunch. All rights reserved. For personal use only.</p>'
2024-09-19 12:27:34,155 - INFO - clean content - clean_content='A final report by the UN&#8217;s high level advisory body on artificial intelligence makes for, at times, a surreal read. Named ‘Governing AI for Humanity’, the document underlines the contradictory challenges of making any kind of governance stick on such a fast developing, massively invested and heavily hyped technology. On the one hand, the report [&#8230;] © 2024 TechCrunch. All rights reserved. For personal use only.'
2024-09-19 12:27:34,155 - INFO - Generating summary with BART model
2024-09-19 12:27:41,827 - INFO - Generating summary with BART model
2024-09-19 12:27:49,410 - INFO - full_tweet='A final report by the UN&#8217;s high level advisory body on artificial intelligence makes for, at times,..[read more👇🏼] #AI #read https://techcrunch.com/2024/09/19/ai-governance-cant-be-left-to-the-vested-interests/'
2024-09-19 12:27:49,701 - INFO - Tweet posted successfully: Response(data={'text': 'A final report by the UN&amp;#8217;s high level advisory body on artificial intelligence makes for, at times,..[read more👇🏼] #AI #read https://t.co/a99NWgYOla', 'id': '1836744000918757776', 'edit_history_tweet_ids': ['1836744000918757776']}, includes={}, errors=[], meta={})
2024-09-19 12:27:49,701 - INFO - Sleeping for 3 minutes and 46 seconds.
2024-09-19 12:31:35,702 - INFO - Saved posted URL: https://techcrunch.com/2024/09/19/ai-governance-cant-be-left-to-the-vested-interests/ at 2024-09-19 12:31:35
2024-09-19 12:31:35,702 - INFO - Input content - content='Carolyn Geason-Beissel/MIT SMR &#124; Getty Images Can AI be creative? While this question often leads to philosophical debates about the meaning of creativity, one fact is clear: Many creative professionals are already using an increasing array of AI tools.1 Art directors, copywriters, and others are harnessing generative AI’s capabilities to generate a large stream of [&#8230;]'
2024-09-19 12:31:35,702 - INFO - clean content - clean_content='Carolyn Geason-Beissel/MIT SMR &#124; Getty Images Can AI be creative? While this question often leads to philosophical debates about the meaning of creativity, one fact is clear: Many creative professionals are already using an increasing array of AI tools.1 Art directors, copywriters, and others are harnessing generative AI’s capabilities to generate a large stream of [&#8230;]'
2024-09-19 12:31:35,702 - INFO - Generating summary with BART model
2024-09-19 12:31:39,887 - INFO - Generating summary with BART model
2024-09-19 12:31:44,074 - INFO - full_tweet='Many creative professionals are already using an increasing array of AI tools. Art directors,..[read more👇🏼] #AI #professionals https://sloanreview.mit.edu/article/how-genai-changes-creative-work/'
2024-09-19 12:31:44,125 - ERROR - Failed to post tweet: 429 Too Many Requests
Too Many Requests
