2024-09-20 20:14:23,509 - INFO - Starting configuration setup
2024-09-20 20:14:23,509 - INFO - Environment variables loaded successfully
2024-09-20 20:14:23,509 - INFO - Twitter API client initialized successfully
2024-09-20 20:14:25,421 - INFO - Initializing summarization model: facebook/bart-large-cnn
2024-09-20 20:14:32,496 - INFO - Summarization model initialized successfully
2024-09-20 20:14:32,496 - INFO - Starting tweet scheduling
2024-09-20 20:14:32,496 - INFO - Tweeting process started at 2024-09-20 20:14:32.496876!
2024-09-20 20:14:32,497 - INFO - Loaded posted URLs from /home/runner/work/TechInsightX/TechInsightX/src/../etc/ops/posted_links_2024Sep20.csv
2024-09-20 20:14:32,497 - INFO - Fetching latest tech news from RSS feeds
2024-09-20 20:14:57,494 - INFO - Total entries found: 599
2024-09-20 20:14:57,497 - INFO - Recent AI-related entries found: 15
2024-09-20 20:14:57,497 - INFO - This link is already posted: https://www.pcmag.com/news/linkedin-is-quietly-training-ai-on-your-data-heres-how-to-stop-it
2024-09-20 20:14:57,497 - INFO - This link is already posted: https://www.techradar.com/computing/artificial-intelligence/chat-with-this-ai-chatbot-to-find-everything-you-want-to-buy
2024-09-20 20:14:57,497 - INFO - This link is already posted: https://www.techradar.com/pro/this-is-the-world-s-most-powerful-mini-pc-and-i-can-t-wait-to-test-it-beelink-s-tiny-computer-packs-the-ryzen-ai-9-hx-370-cpu-and-promises-to-deliver-the-gpu-performance-of-an-rtx-3050-with-a-whopping-50-tops
2024-09-20 20:14:57,497 - INFO - This link is already posted: https://towardsdatascience.com/why-genai-is-a-data-deletion-and-privacy-nightmare-bd79a3c0ed85?source=rss----7f60cf5620c9---4
2024-09-20 20:14:57,497 - INFO - This link is already posted: https://techcrunch.com/2024/09/20/mas-and-ai-are-in-the-spotlight-but-theres-still-capital-left-for-quick-commerce-and-more/
2024-09-20 20:14:57,497 - INFO - This link is already posted: https://techcrunch.com/video/techcrunch-minute-amazon-announces-ai-powered-tools-for-creating-video-ads/
2024-09-20 20:14:57,497 - INFO - This link is already posted: https://www.reddit.com/r/MachineLearning/comments/1flexbg/p_i_hated_sponsored_google_results_so_i_built_an/
2024-09-20 20:14:57,497 - INFO - This link is already posted: https://www.techradar.com/pro/amazon-s-new-project-amelia-ai-can-give-you-personalised-business-advice
2024-09-20 20:14:57,497 - INFO - This link is already posted: https://techcrunch.com/2024/09/20/linkedin-has-stopped-grabbing-u-k-users-data-for-ai/
2024-09-20 20:14:57,497 - INFO - This link is already posted: https://www.techradar.com/computing/cpu/amds-incoming-flagship-laptop-cpus-could-be-called-ryzen-ai-max-and-might-be-astonishingly-fast-were-just-worried-about-the-price
2024-09-20 20:14:57,497 - INFO - This link is already posted: https://www.wired.com/story/restaurant-ai-hosts/
2024-09-20 20:14:57,497 - INFO - This link is already posted: https://www.pcmag.com/news/microsoft-to-revive-nuclear-plant-on-three-mile-island-to-handle-ai-processing
2024-09-20 20:14:57,497 - INFO - This link is already posted: https://techcrunch.com/2024/09/20/microsoft-taps-three-mile-island-nuclear-plant-to-power-ai/
2024-09-20 20:14:57,497 - INFO - This link is already posted: https://techcrunch.com/2024/09/20/microsoft-taps-three-mile-island-nuclear-plant-to-power-ai/
2024-09-20 20:14:57,497 - INFO - This link is already posted: https://www.wired.com/story/what-xavier-niel-can-do-for-tiktok/
